21:51:29.422 [Shares-App-System-akka.actor.default-dispatcher-5] INFO  akka.event.slf4j.Slf4jLogger - Slf4jLogger started
21:51:29.537 [Shares-App-System-akka.actor.default-dispatcher-2] INFO  com.mm.sharesapp.actors.MasterActor - Master.Starting system
21:51:29.548 [Shares-App-System-akka.actor.default-dispatcher-2] INFO  c.m.s.a.FakeActorFactory$FakeCakeRouterActor - sending messages for all shares....
21:51:31.078 [Shares-App-System-akka.actor.default-dispatcher-4] INFO  c.m.s.a.FakeActorFactory$FakeStaticNewsActor - Fetching Static Shares.....
21:51:31.080 [Shares-App-System-akka.actor.default-dispatcher-4] INFO  c.m.s.a.FakeActorFactory$RealSharesRouterActor - sending sharePrice service for all shares....
21:51:31.081 [Shares-App-System-akka.actor.default-dispatcher-4] INFO  c.m.s.a.FakeActorFactory$FakeStaticNewsActor - We got 1 news
21:51:31.082 [Shares-App-System-akka.actor.default-dispatcher-4] INFO  c.m.s.a.FakeActorFactory$FakeSharePriceActor - fetching prices for share 000001.SS....
21:51:31.083 [Shares-App-System-akka.actor.default-dispatcher-5] INFO  c.m.s.s.SharePriceComponent$ConcreteSharePriceService - Downloadign data from url:http://download.finance.yahoo.com/d/quotes.csv?s=000001.SS&f=sl1d1e7e8m4m3r5
21:51:33.951 [Shares-App-System-akka.actor.default-dispatcher-2] INFO  c.m.s.a.FakeActorFactory$FakeSharePriceActor - Unable to fetch data for 000001.SS
21:51:33.952 [Shares-App-System-akka.actor.default-dispatcher-2] INFO  c.m.s.a.FakeActorFactory$FakeSharePriceActor - fetching prices for share 2836.HK....
21:51:33.953 [Shares-App-System-akka.actor.default-dispatcher-5] INFO  c.m.s.s.SharePriceComponent$ConcreteSharePriceService - Downloadign data from url:http://download.finance.yahoo.com/d/quotes.csv?s=2836.HK&f=sl1d1e7e8m4m3r5
21:51:34.225 [Shares-App-System-akka.actor.default-dispatcher-5] INFO  c.m.s.s.SharePriceComponent$ConcreteSharePriceService - Downloadign data from url:http://download.finance.yahoo.com/d/quotes.csv?s=AAPL&f=sl1d1e7e8m4m3r5
21:51:34.229 [Shares-App-System-akka.actor.default-dispatcher-2] INFO  c.m.s.a.FakeActorFactory$FakeSharePriceActor - We got SharePrice(Tue Jul 11 00:00:00 BST 2017,2836.HK,22.5,0.0,0.0,0.0,11.504,15.5).Sending it thru
21:51:34.230 [Shares-App-System-akka.actor.default-dispatcher-2] INFO  c.m.s.a.FakeActorFactory$FakeSharePriceActor - fetching prices for share AAPL....
21:51:34.231 [Shares-App-System-akka.actor.default-dispatcher-2] INFO  c.m.s.a.FakeActorFactory$FakePersistenceActor - Storing share price
21:51:34.446 [Shares-App-System-akka.actor.default-dispatcher-5] INFO  c.m.s.s.SharePriceComponent$ConcreteSharePriceService - Downloadign data from url:http://download.finance.yahoo.com/d/quotes.csv?s=AGQ&f=sl1d1e7e8m4m3r5
21:51:34.447 [Shares-App-System-akka.actor.default-dispatcher-2] INFO  c.m.s.a.FakeActorFactory$FakeSharePriceActor - We got SharePrice(Tue Jul 11 00:00:00 BST 2017,AAPL,145.53,1.44,8.93,10.58,137.42,150.3).Sending it thru
21:51:34.447 [Shares-App-System-akka.actor.default-dispatcher-2] INFO  c.m.s.a.FakeActorFactory$FakeSharePriceActor - fetching prices for share AGQ....
21:51:34.465 [Shares-App-System-akka.actor.default-dispatcher-2] INFO  c.m.s.a.FakeActorFactory$FakePersistenceActor - Storing share price
21:51:34.664 [Shares-App-System-akka.actor.default-dispatcher-5] INFO  c.m.s.s.SharePriceComponent$ConcreteSharePriceService - Downloadign data from url:http://download.finance.yahoo.com/d/quotes.csv?s=ARX&f=sl1d1e7e8m4m3r5
21:51:34.664 [Shares-App-System-akka.actor.default-dispatcher-4] INFO  c.m.s.a.FakeActorFactory$FakeSharePriceActor - We got SharePrice(Tue Jul 11 00:00:00 BST 2017,AGQ,30.66,0.0,0.0,0.0,37.05,35.34).Sending it thru
21:51:34.665 [Shares-App-System-akka.actor.default-dispatcher-4] INFO  c.m.s.a.FakeActorFactory$FakePersistenceActor - Storing share price
21:51:34.666 [Shares-App-System-akka.actor.default-dispatcher-4] INFO  c.m.s.a.FakeActorFactory$FakeSharePriceActor - fetching prices for share ARX....
21:51:34.862 [Shares-App-System-akka.actor.default-dispatcher-5] INFO  c.m.s.a.FakeActorFactory$FakeSharePriceActor - Unable to fetch data for ARX
21:51:34.863 [Shares-App-System-akka.actor.default-dispatcher-5] INFO  c.m.s.s.SharePriceComponent$ConcreteSharePriceService - Downloadign data from url:http://download.finance.yahoo.com/d/quotes.csv?s=AU&f=sl1d1e7e8m4m3r5
21:51:34.866 [Shares-App-System-akka.actor.default-dispatcher-7] INFO  c.m.s.a.FakeActorFactory$FakeSharePriceActor - fetching prices for share AU....
21:51:35.074 [Shares-App-System-akka.actor.default-dispatcher-5] INFO  c.m.s.s.SharePriceComponent$ConcreteSharePriceService - Downloadign data from url:http://download.finance.yahoo.com/d/quotes.csv?s=AUDEUR=X&f=sl1d1e7e8m4m3r5
21:51:35.074 [Shares-App-System-akka.actor.default-dispatcher-7] INFO  c.m.s.a.FakeActorFactory$FakeSharePriceActor - We got SharePrice(Tue Jul 11 00:00:00 BST 2017,AU,9.88,0.0,0.15,0.8,11.41,11.16).Sending it thru
21:51:35.075 [Shares-App-System-akka.actor.default-dispatcher-7] INFO  c.m.s.a.FakeActorFactory$FakeSharePriceActor - fetching prices for share AUDEUR=X....
21:51:35.076 [Shares-App-System-akka.actor.default-dispatcher-7] INFO  c.m.s.a.FakeActorFactory$FakePersistenceActor - Storing share price
21:51:35.270 [Shares-App-System-akka.actor.default-dispatcher-5] INFO  c.m.s.s.SharePriceComponent$ConcreteSharePriceService - Downloadign data from url:http://download.finance.yahoo.com/d/quotes.csv?s=AUDGBP=X&f=sl1d1e7e8m4m3r5
21:51:35.272 [Shares-App-System-akka.actor.default-dispatcher-2] INFO  c.m.s.a.FakeActorFactory$FakeSharePriceActor - We got SharePrice(Tue Jul 11 00:00:00 BST 2017,AUDEUR=X,0.6658,0.0,0.0,0.0,0.0,0.0).Sending it thru
21:51:35.273 [Shares-App-System-akka.actor.default-dispatcher-2] INFO  c.m.s.a.FakeActorFactory$FakeSharePriceActor - fetching prices for share AUDGBP=X....
21:51:35.274 [Shares-App-System-akka.actor.default-dispatcher-2] INFO  c.m.s.a.FakeActorFactory$FakePersistenceActor - Storing share price
21:51:35.469 [Shares-App-System-akka.actor.default-dispatcher-5] INFO  c.m.s.s.SharePriceComponent$ConcreteSharePriceService - Downloadign data from url:http://download.finance.yahoo.com/d/quotes.csv?s=AUDUSD=X&f=sl1d1e7e8m4m3r5
21:51:35.469 [Shares-App-System-akka.actor.default-dispatcher-7] INFO  c.m.s.a.FakeActorFactory$FakeSharePriceActor - We got SharePrice(Tue Jul 11 00:00:00 BST 2017,AUDGBP=X,0.5942,0.0,0.0,0.0,0.0,0.0).Sending it thru
21:51:35.470 [Shares-App-System-akka.actor.default-dispatcher-7] INFO  c.m.s.a.FakeActorFactory$FakePersistenceActor - Storing share price
21:51:35.470 [Shares-App-System-akka.actor.default-dispatcher-7] INFO  c.m.s.a.FakeActorFactory$FakeSharePriceActor - fetching prices for share AUDUSD=X....
21:51:35.668 [Shares-App-System-akka.actor.default-dispatcher-5] INFO  c.m.s.s.SharePriceComponent$ConcreteSharePriceService - Downloadign data from url:http://download.finance.yahoo.com/d/quotes.csv?s=BHP&f=sl1d1e7e8m4m3r5
21:51:35.669 [Shares-App-System-akka.actor.default-dispatcher-2] INFO  c.m.s.a.FakeActorFactory$FakeSharePriceActor - We got SharePrice(Tue Jul 11 00:00:00 BST 2017,AUDUSD=X,0.7635,0.0,0.0,0.0,0.0,0.0).Sending it thru
21:51:35.669 [Shares-App-System-akka.actor.default-dispatcher-2] INFO  c.m.s.a.FakeActorFactory$FakeSharePriceActor - fetching prices for share BHP....
21:51:35.670 [Shares-App-System-akka.actor.default-dispatcher-2] INFO  c.m.s.a.FakeActorFactory$FakePersistenceActor - Storing share price
21:51:35.862 [Shares-App-System-akka.actor.default-dispatcher-4] INFO  c.m.s.s.SharePriceComponent$ConcreteSharePriceService - Downloadign data from url:http://download.finance.yahoo.com/d/quotes.csv?s=BRK-B&f=sl1d1e7e8m4m3r5
21:51:35.862 [Shares-App-System-akka.actor.default-dispatcher-7] INFO  c.m.s.a.FakeActorFactory$FakeSharePriceActor - We got SharePrice(Tue Jul 11 00:00:00 BST 2017,BHP,38.17,0.0,1.5,2.04,37.09,35.28).Sending it thru
21:51:35.865 [Shares-App-System-akka.actor.default-dispatcher-7] INFO  c.m.s.a.FakeActorFactory$FakePersistenceActor - Storing share price
21:51:35.866 [Shares-App-System-akka.actor.default-dispatcher-7] INFO  c.m.s.a.FakeActorFactory$FakeSharePriceActor - fetching prices for share BRK-B....
21:51:36.065 [Shares-App-System-akka.actor.default-dispatcher-4] INFO  c.m.s.s.SharePriceComponent$ConcreteSharePriceService - Downloadign data from url:http://download.finance.yahoo.com/d/quotes.csv?s=BTN&f=sl1d1e7e8m4m3r5
21:51:36.065 [Shares-App-System-akka.actor.default-dispatcher-5] INFO  c.m.s.a.FakeActorFactory$FakeSharePriceActor - We got SharePrice(Tue Jul 11 00:00:00 BST 2017,BRK-B,169.24,0.0,7.4,0.0,166.62,166.91).Sending it thru
21:51:36.066 [Shares-App-System-akka.actor.default-dispatcher-5] INFO  c.m.s.a.FakeActorFactory$FakeSharePriceActor - fetching prices for share BTN....
21:51:36.067 [Shares-App-System-akka.actor.default-dispatcher-5] INFO  c.m.s.a.FakeActorFactory$FakePersistenceActor - Storing share price
21:51:36.269 [Shares-App-System-akka.actor.default-dispatcher-4] INFO  c.m.s.s.SharePriceComponent$ConcreteSharePriceService - Downloadign data from url:http://download.finance.yahoo.com/d/quotes.csv?s=CHFEUR=X&f=sl1d1e7e8m4m3r5
21:51:36.275 [Shares-App-System-akka.actor.default-dispatcher-3] INFO  c.m.s.s.RssServiceComponent$RssService - Success, we got something..
21:51:36.276 [Shares-App-System-akka.actor.default-dispatcher-7] INFO  c.m.s.a.FakeActorFactory$FakeSharePriceActor - We got SharePrice(Tue Jul 11 00:00:00 BST 2017,BTN,6.45,0.0,-0.02,0.09,6.72,6.53).Sending it thru
21:51:36.281 [Shares-App-System-akka.actor.default-dispatcher-7] INFO  c.m.s.a.FakeActorFactory$FakeSharePriceActor - fetching prices for share CHFEUR=X....
21:51:36.286 [Shares-App-System-akka.actor.default-dispatcher-7] INFO  c.m.s.a.FakeActorFactory$FakePersistenceActor - Storing share price
21:51:36.477 [Shares-App-System-akka.actor.default-dispatcher-4] INFO  c.m.s.s.SharePriceComponent$ConcreteSharePriceService - Downloadign data from url:http://download.finance.yahoo.com/d/quotes.csv?s=CIE&f=sl1d1e7e8m4m3r5
21:51:36.483 [Shares-App-System-akka.actor.default-dispatcher-5] INFO  c.m.s.a.FakeActorFactory$FakeSharePriceActor - We got SharePrice(Tue Jul 11 00:00:00 BST 2017,CHFEUR=X,0.9043,0.0,0.0,0.0,0.0,0.0).Sending it thru
21:51:36.484 [Shares-App-System-akka.actor.default-dispatcher-5] INFO  c.m.s.a.FakeActorFactory$FakeSharePriceActor - fetching prices for share CIE....
21:51:36.485 [Shares-App-System-akka.actor.default-dispatcher-5] INFO  c.m.s.a.FakeActorFactory$FakePersistenceActor - Storing share price
21:51:36.601 [Shares-App-System-akka.actor.default-dispatcher-5] INFO  c.m.s.a.FakeActorFactory$FakePersistenceActor - Storing rss..
21:51:36.620 [Shares-App-System-akka.actor.default-dispatcher-5] INFO  c.m.s.a.FakeActorFactory$FakePersistenceActor - Storing rss..
21:51:36.637 [Shares-App-System-akka.actor.default-dispatcher-5] INFO  c.m.s.a.FakeActorFactory$FakePersistenceActor - Storing rss..
21:51:36.653 [Shares-App-System-akka.actor.default-dispatcher-3] INFO  c.m.s.s.RssServiceComponent$RssService - Nohting returned...
21:51:36.668 [Shares-App-System-akka.actor.default-dispatcher-5] INFO  c.m.s.a.FakeActorFactory$FakePersistenceActor - Storing rss..
21:51:36.677 [Shares-App-System-akka.actor.default-dispatcher-4] INFO  c.m.s.s.SharePriceComponent$ConcreteSharePriceService - Downloadign data from url:http://download.finance.yahoo.com/d/quotes.csv?s=CRBQ&f=sl1d1e7e8m4m3r5
21:51:36.679 [Shares-App-System-akka.actor.default-dispatcher-5] INFO  c.m.s.a.FakeActorFactory$FakeSharePriceActor - We got SharePrice(Tue Jul 11 00:00:00 BST 2017,CIE,2.23,-0.07,-9.1,-8.19,9.34,3.56).Sending it thru
21:51:36.680 [Shares-App-System-akka.actor.default-dispatcher-5] INFO  c.m.s.a.FakeActorFactory$FakeSharePriceActor - fetching prices for share CRBQ....
21:51:36.686 [Shares-App-System-akka.actor.default-dispatcher-5] INFO  c.m.s.a.FakeActorFactory$FakePersistenceActor - Storing rss..
21:51:36.702 [Shares-App-System-akka.actor.default-dispatcher-3] INFO  c.m.s.s.RssServiceComponent$RssService - Nohting returned...
21:51:36.706 [Shares-App-System-akka.actor.default-dispatcher-6] INFO  c.m.s.a.FakeActorFactory$FakePersistenceActor - Storing rss..
21:51:36.718 [Shares-App-System-akka.actor.default-dispatcher-6] INFO  c.m.s.a.FakeActorFactory$FakePersistenceActor - Storing rss..
21:51:36.736 [Shares-App-System-akka.actor.default-dispatcher-6] INFO  c.m.s.a.FakeActorFactory$FakePersistenceActor - Storing rss..
21:51:36.751 [Shares-App-System-akka.actor.default-dispatcher-3] INFO  c.m.s.s.RssServiceComponent$RssService - Nohting returned...
21:51:36.752 [Shares-App-System-akka.actor.default-dispatcher-6] INFO  c.m.s.a.FakeActorFactory$FakePersistenceActor - Storing rss..
21:51:36.768 [Shares-App-System-akka.actor.default-dispatcher-6] INFO  c.m.s.a.FakeActorFactory$FakePersistenceActor - Storing rss..
21:51:36.783 [Shares-App-System-akka.actor.default-dispatcher-6] INFO  c.m.s.a.FakeActorFactory$FakePersistenceActor - Storing rss..
21:51:36.799 [Shares-App-System-akka.actor.default-dispatcher-3] INFO  c.m.s.s.RssServiceComponent$RssService - Nohting returned...
21:51:36.800 [Shares-App-System-akka.actor.default-dispatcher-6] INFO  c.m.s.a.FakeActorFactory$FakePersistenceActor - Storing rss..
21:51:36.818 [Shares-App-System-akka.actor.default-dispatcher-5] INFO  c.m.s.a.FakeActorFactory$FakePersistenceActor - Storing rss..
21:51:36.840 [Shares-App-System-akka.actor.default-dispatcher-5] INFO  c.m.s.a.FakeActorFactory$FakePersistenceActor - Storing rss..
21:51:36.854 [Shares-App-System-akka.actor.default-dispatcher-5] INFO  c.m.s.a.FakeActorFactory$FakePersistenceActor - Storing rss..
21:51:36.870 [Shares-App-System-akka.actor.default-dispatcher-5] INFO  c.m.s.a.FakeActorFactory$FakePersistenceActor - Storing rss..
21:51:36.888 [Shares-App-System-akka.actor.default-dispatcher-5] INFO  c.m.s.a.FakeActorFactory$FakePersistenceActor - Storing rss..
21:51:36.891 [Shares-App-System-akka.actor.default-dispatcher-3] INFO  c.m.s.s.RssServiceComponent$RssService - Nohting returned...
21:51:36.908 [Shares-App-System-akka.actor.default-dispatcher-5] INFO  c.m.s.a.FakeActorFactory$FakePersistenceActor - Storing rss..
21:51:36.921 [Shares-App-System-akka.actor.default-dispatcher-5] INFO  c.m.s.a.FakeActorFactory$FakePersistenceActor - Storing rss..
21:51:36.935 [Shares-App-System-akka.actor.default-dispatcher-5] INFO  c.m.s.a.FakeActorFactory$FakePersistenceActor - Storing rss..
21:51:36.950 [Shares-App-System-akka.actor.default-dispatcher-5] INFO  c.m.s.a.FakeActorFactory$FakePersistenceActor - Storing rss..
21:51:36.970 [Shares-App-System-akka.actor.default-dispatcher-5] INFO  c.m.s.a.FakeActorFactory$FakePersistenceActor - Storing rss..
21:51:36.971 [Shares-App-System-akka.actor.default-dispatcher-3] INFO  c.m.s.s.RssServiceComponent$RssService - Nohting returned...
21:51:36.983 [Shares-App-System-akka.actor.default-dispatcher-5] INFO  c.m.s.a.FakeActorFactory$FakePersistenceActor - Storing rss..
21:51:36.997 [Shares-App-System-akka.actor.default-dispatcher-5] INFO  c.m.s.a.FakeActorFactory$FakePersistenceActor - Storing rss..
21:51:37.014 [Shares-App-System-akka.actor.default-dispatcher-5] INFO  c.m.s.a.FakeActorFactory$FakePersistenceActor - Storing rss..
21:51:37.026 [Shares-App-System-akka.actor.default-dispatcher-6] INFO  c.m.s.a.FakeActorFactory$FakePersistenceActor - Storing rss..
21:51:37.041 [Shares-App-System-akka.actor.default-dispatcher-6] INFO  c.m.s.a.FakeActorFactory$FakePersistenceActor - Storing rss..
21:51:37.048 [Shares-App-System-akka.actor.default-dispatcher-3] INFO  c.m.s.s.RssServiceComponent$RssService - Nohting returned...
21:51:37.053 [Shares-App-System-akka.actor.default-dispatcher-6] INFO  c.m.s.a.FakeActorFactory$FakePersistenceActor - Storing rss..
21:51:37.065 [Shares-App-System-akka.actor.default-dispatcher-6] INFO  c.m.s.a.FakeActorFactory$FakePersistenceActor - Storing rss..
21:51:37.077 [Shares-App-System-akka.actor.default-dispatcher-6] INFO  c.m.s.a.FakeActorFactory$FakePersistenceActor - Storing rss..
21:51:37.091 [Shares-App-System-akka.actor.default-dispatcher-6] INFO  c.m.s.a.FakeActorFactory$FakePersistenceActor - Storing rss..
21:51:37.101 [Shares-App-System-akka.actor.default-dispatcher-4] INFO  c.m.s.a.FakeActorFactory$FakeSharePriceActor - Unable to fetch data for CRBQ
21:51:37.102 [Shares-App-System-akka.actor.default-dispatcher-4] INFO  c.m.s.s.SharePriceComponent$ConcreteSharePriceService - Downloadign data from url:http://download.finance.yahoo.com/d/quotes.csv?s=DGP&f=sl1d1e7e8m4m3r5
21:51:37.106 [Shares-App-System-akka.actor.default-dispatcher-6] INFO  c.m.s.a.FakeActorFactory$FakeSharePriceActor - fetching prices for share DGP....
21:51:37.107 [Shares-App-System-akka.actor.default-dispatcher-6] INFO  c.m.s.a.FakeActorFactory$FakePersistenceActor - Storing rss..
21:51:37.120 [Shares-App-System-akka.actor.default-dispatcher-8] INFO  c.m.s.a.FakeActorFactory$FakePersistenceActor - Storing rss..
21:51:37.134 [Shares-App-System-akka.actor.default-dispatcher-8] INFO  c.m.s.a.FakeActorFactory$FakePersistenceActor - Storing rss..
21:51:37.147 [Shares-App-System-akka.actor.default-dispatcher-8] INFO  c.m.s.a.FakeActorFactory$FakePersistenceActor - Storing rss..
21:51:37.159 [Shares-App-System-akka.actor.default-dispatcher-8] INFO  c.m.s.a.FakeActorFactory$FakePersistenceActor - Storing rss..
21:51:37.164 [Shares-App-System-akka.actor.default-dispatcher-3] INFO  c.m.s.s.RssServiceComponent$RssService - Nohting returned...
21:51:37.176 [Shares-App-System-akka.actor.default-dispatcher-8] INFO  c.m.s.a.FakeActorFactory$FakePersistenceActor - Storing rss..
21:51:37.191 [Shares-App-System-akka.actor.default-dispatcher-8] INFO  c.m.s.a.FakeActorFactory$FakePersistenceActor - Storing rss..
21:51:37.202 [Shares-App-System-akka.actor.default-dispatcher-8] INFO  c.m.s.a.FakeActorFactory$FakePersistenceActor - Storing rss..
21:51:37.214 [Shares-App-System-akka.actor.default-dispatcher-8] INFO  c.m.s.a.FakeActorFactory$FakePersistenceActor - Storing rss..
21:51:37.227 [Shares-App-System-akka.actor.default-dispatcher-8] INFO  c.m.s.a.FakeActorFactory$FakePersistenceActor - Storing rss..
21:51:37.241 [Shares-App-System-akka.actor.default-dispatcher-8] INFO  c.m.s.a.FakeActorFactory$FakePersistenceActor - Storing rss..
21:51:37.243 [Shares-App-System-akka.actor.default-dispatcher-3] INFO  c.m.s.s.RssServiceComponent$RssService - Nohting returned...
21:51:37.254 [Shares-App-System-akka.actor.default-dispatcher-8] INFO  c.m.s.a.FakeActorFactory$FakePersistenceActor - Storing rss..
21:51:37.270 [Shares-App-System-akka.actor.default-dispatcher-8] INFO  c.m.s.a.FakeActorFactory$FakePersistenceActor - Storing rss..
21:51:37.286 [Shares-App-System-akka.actor.default-dispatcher-8] INFO  c.m.s.a.FakeActorFactory$FakePersistenceActor - Storing rss..
21:51:37.300 [Shares-App-System-akka.actor.default-dispatcher-2] INFO  c.m.s.a.FakeActorFactory$FakePersistenceActor - Storing rss..
21:51:37.311 [Shares-App-System-akka.actor.default-dispatcher-3] INFO  c.m.s.s.RssServiceComponent$RssService - Nohting returned...
21:51:37.314 [Shares-App-System-akka.actor.default-dispatcher-2] INFO  c.m.s.a.FakeActorFactory$FakePersistenceActor - Storing rss..
21:51:37.325 [Shares-App-System-akka.actor.default-dispatcher-2] INFO  c.m.s.a.FakeActorFactory$FakePersistenceActor - Storing rss..
21:51:37.337 [Shares-App-System-akka.actor.default-dispatcher-2] INFO  c.m.s.a.FakeActorFactory$FakePersistenceActor - Storing rss..
21:51:37.354 [Shares-App-System-akka.actor.default-dispatcher-2] INFO  c.m.s.a.FakeActorFactory$FakePersistenceActor - Storing rss..
21:51:37.362 [Shares-App-System-akka.actor.default-dispatcher-4] INFO  c.m.s.s.SharePriceComponent$ConcreteSharePriceService - Downloadign data from url:http://download.finance.yahoo.com/d/quotes.csv?s=DIA&f=sl1d1e7e8m4m3r5
21:51:37.364 [Shares-App-System-akka.actor.default-dispatcher-2] INFO  c.m.s.a.FakeActorFactory$FakeSharePriceActor - We got SharePrice(Tue Jul 11 00:00:00 BST 2017,DGP,21.96,0.0,0.0,0.0,22.76,23.62).Sending it thru
21:51:37.367 [Shares-App-System-akka.actor.default-dispatcher-2] INFO  c.m.s.a.FakeActorFactory$FakeSharePriceActor - fetching prices for share DIA....
21:51:37.368 [Shares-App-System-akka.actor.default-dispatcher-2] INFO  c.m.s.a.FakeActorFactory$FakePersistenceActor - Storing rss..
21:51:37.378 [Shares-App-System-akka.actor.default-dispatcher-2] INFO  c.m.s.a.FakeActorFactory$FakePersistenceActor - Storing rss..
21:51:37.380 [Shares-App-System-akka.actor.default-dispatcher-3] INFO  c.m.s.s.RssServiceComponent$RssService - Nohting returned...
21:51:37.389 [Shares-App-System-akka.actor.default-dispatcher-2] INFO  c.m.s.a.FakeActorFactory$FakePersistenceActor - Storing rss..
21:51:37.402 [Shares-App-System-akka.actor.default-dispatcher-2] INFO  c.m.s.a.FakeActorFactory$FakePersistenceActor - Storing rss..
21:51:37.414 [Shares-App-System-akka.actor.default-dispatcher-2] INFO  c.m.s.a.FakeActorFactory$FakePersistenceActor - Storing rss..
21:51:37.428 [Shares-App-System-akka.actor.default-dispatcher-2] INFO  c.m.s.a.FakeActorFactory$FakePersistenceActor - Storing rss..
21:51:37.443 [Shares-App-System-akka.actor.default-dispatcher-2] INFO  c.m.s.a.FakeActorFactory$FakePersistenceActor - Storing rss..
21:51:37.452 [Shares-App-System-akka.actor.default-dispatcher-3] INFO  c.m.s.s.RssServiceComponent$RssService - Nohting returned...
21:51:37.455 [Shares-App-System-akka.actor.default-dispatcher-2] INFO  c.m.s.a.FakeActorFactory$FakePersistenceActor - Storing rss..
21:51:37.467 [Shares-App-System-akka.actor.default-dispatcher-2] INFO  c.m.s.a.FakeActorFactory$FakePersistenceActor - Storing rss..
21:51:37.479 [Shares-App-System-akka.actor.default-dispatcher-2] INFO  c.m.s.a.FakeActorFactory$FakePersistenceActor - Storing rss..
21:51:37.492 [Shares-App-System-akka.actor.default-dispatcher-2] INFO  c.m.s.a.FakeActorFactory$FakePersistenceActor - Storing rss..
21:51:37.506 [Shares-App-System-akka.actor.default-dispatcher-2] INFO  c.m.s.a.FakeActorFactory$FakePersistenceActor - Storing rss..
21:51:37.519 [Shares-App-System-akka.actor.default-dispatcher-2] INFO  c.m.s.a.FakeActorFactory$FakePersistenceActor - Storing rss..
21:51:37.532 [Shares-App-System-akka.actor.default-dispatcher-2] INFO  c.m.s.a.FakeActorFactory$FakePersistenceActor - Storing rss..
21:51:37.536 [Shares-App-System-akka.actor.default-dispatcher-3] INFO  c.m.s.s.RssServiceComponent$RssService - Nohting returned...
21:51:37.552 [Shares-App-System-akka.actor.default-dispatcher-2] INFO  c.m.s.a.FakeActorFactory$FakePersistenceActor - Storing rss..
21:51:37.563 [Shares-App-System-akka.actor.default-dispatcher-2] INFO  c.m.s.a.FakeActorFactory$FakePersistenceActor - Storing rss..
21:51:37.576 [Shares-App-System-akka.actor.default-dispatcher-2] INFO  c.m.s.a.FakeActorFactory$FakePersistenceActor - Storing rss..
21:51:37.580 [Shares-App-System-akka.actor.default-dispatcher-4] INFO  c.m.s.s.SharePriceComponent$ConcreteSharePriceService - Downloadign data from url:http://download.finance.yahoo.com/d/quotes.csv?s=DJP&f=sl1d1e7e8m4m3r5
21:51:37.581 [Shares-App-System-akka.actor.default-dispatcher-2] INFO  c.m.s.a.FakeActorFactory$FakeSharePriceActor - We got SharePrice(Tue Jul 11 00:00:00 BST 2017,DIA,213.98,0.0,0.0,0.0,205.98,211.49).Sending it thru
21:51:37.582 [Shares-App-System-akka.actor.default-dispatcher-2] INFO  c.m.s.a.FakeActorFactory$FakeSharePriceActor - fetching prices for share DJP....
21:51:37.589 [Shares-App-System-akka.actor.default-dispatcher-2] INFO  c.m.s.a.FakeActorFactory$FakePersistenceActor - Storing rss..
21:51:37.602 [Shares-App-System-akka.actor.default-dispatcher-2] INFO  c.m.s.a.FakeActorFactory$FakePersistenceActor - Storing rss..
21:51:37.613 [Shares-App-System-akka.actor.default-dispatcher-2] INFO  c.m.s.a.FakeActorFactory$FakePersistenceActor - Storing rss..
21:51:37.625 [Shares-App-System-akka.actor.default-dispatcher-2] INFO  c.m.s.a.FakeActorFactory$FakePersistenceActor - Storing rss..
21:51:37.637 [Shares-App-System-akka.actor.default-dispatcher-2] INFO  c.m.s.a.FakeActorFactory$FakePersistenceActor - Storing rss..
21:51:37.650 [Shares-App-System-akka.actor.default-dispatcher-2] INFO  c.m.s.a.FakeActorFactory$FakePersistenceActor - Storing rss..
21:51:37.689 [Shares-App-System-akka.actor.default-dispatcher-3] INFO  c.m.s.s.RssServiceComponent$RssService - Nohting returned...
21:51:37.697 [Shares-App-System-akka.actor.default-dispatcher-2] INFO  c.m.s.a.FakeActorFactory$FakePersistenceActor - Storing rss..
21:51:37.710 [Shares-App-System-akka.actor.default-dispatcher-2] INFO  c.m.s.a.FakeActorFactory$FakePersistenceActor - Storing rss..
21:51:37.722 [Shares-App-System-akka.actor.default-dispatcher-2] INFO  c.m.s.a.FakeActorFactory$FakePersistenceActor - Storing rss..
21:51:37.736 [Shares-App-System-akka.actor.default-dispatcher-2] INFO  c.m.s.a.FakeActorFactory$FakePersistenceActor - Storing rss..
21:51:37.749 [Shares-App-System-akka.actor.default-dispatcher-2] INFO  c.m.s.a.FakeActorFactory$FakePersistenceActor - Storing rss..
21:51:37.761 [Shares-App-System-akka.actor.default-dispatcher-2] INFO  c.m.s.a.FakeActorFactory$FakePersistenceActor - Storing rss..
21:51:37.768 [Shares-App-System-akka.actor.default-dispatcher-3] INFO  c.m.s.s.RssServiceComponent$RssService - Nohting returned...
21:51:37.772 [Shares-App-System-akka.actor.default-dispatcher-2] INFO  c.m.s.a.FakeActorFactory$FakePersistenceActor - Storing rss..
21:51:37.784 [Shares-App-System-akka.actor.default-dispatcher-2] INFO  c.m.s.a.FakeActorFactory$FakePersistenceActor - Storing rss..
21:51:37.799 [Shares-App-System-akka.actor.default-dispatcher-2] INFO  c.m.s.a.FakeActorFactory$FakePersistenceActor - Storing rss..
21:51:37.814 [Shares-App-System-akka.actor.default-dispatcher-2] INFO  c.m.s.a.FakeActorFactory$FakePersistenceActor - Storing rss..
21:51:37.825 [Shares-App-System-akka.actor.default-dispatcher-2] INFO  c.m.s.a.FakeActorFactory$FakePersistenceActor - Storing rss..
21:51:37.839 [Shares-App-System-akka.actor.default-dispatcher-4] INFO  c.m.s.s.SharePriceComponent$ConcreteSharePriceService - Downloadign data from url:http://download.finance.yahoo.com/d/quotes.csv?s=DZZ&f=sl1d1e7e8m4m3r5
21:51:37.842 [Shares-App-System-akka.actor.default-dispatcher-3] INFO  c.m.s.s.RssServiceComponent$RssService - Nohting returned...
21:51:37.844 [Shares-App-System-akka.actor.default-dispatcher-2] INFO  c.m.s.a.FakeActorFactory$FakePersistenceActor - Storing rss..
21:51:37.845 [Shares-App-System-akka.actor.default-dispatcher-2] INFO  c.m.s.a.FakeActorFactory$FakeSharePriceActor - We got SharePrice(Tue Jul 11 00:00:00 BST 2017,DJP,22.78,0.0,0.0,0.0,23.49,22.52).Sending it thru
21:51:37.845 [Shares-App-System-akka.actor.default-dispatcher-2] INFO  c.m.s.a.FakeActorFactory$FakeSharePriceActor - fetching prices for share DZZ....
21:51:37.855 [Shares-App-System-akka.actor.default-dispatcher-2] INFO  c.m.s.a.FakeActorFactory$FakePersistenceActor - Storing rss..
21:51:37.867 [Shares-App-System-akka.actor.default-dispatcher-2] INFO  c.m.s.a.FakeActorFactory$FakePersistenceActor - Storing rss..
21:51:37.880 [Shares-App-System-akka.actor.default-dispatcher-2] INFO  c.m.s.a.FakeActorFactory$FakePersistenceActor - Storing rss..
21:51:37.893 [Shares-App-System-akka.actor.default-dispatcher-2] INFO  c.m.s.a.FakeActorFactory$FakePersistenceActor - Storing rss..
21:51:37.910 [Shares-App-System-akka.actor.default-dispatcher-2] INFO  c.m.s.a.FakeActorFactory$FakePersistenceActor - Storing rss..
21:51:37.921 [Shares-App-System-akka.actor.default-dispatcher-8] INFO  c.m.s.a.FakeActorFactory$FakePersistenceActor - Storing rss..
21:51:37.924 [Shares-App-System-akka.actor.default-dispatcher-3] INFO  c.m.s.s.RssServiceComponent$RssService - Nohting returned...
21:51:37.932 [Shares-App-System-akka.actor.default-dispatcher-8] INFO  c.m.s.a.FakeActorFactory$FakePersistenceActor - Storing rss..
21:51:37.947 [Shares-App-System-akka.actor.default-dispatcher-8] INFO  c.m.s.a.FakeActorFactory$FakePersistenceActor - Storing rss..
21:51:37.958 [Shares-App-System-akka.actor.default-dispatcher-8] INFO  c.m.s.a.FakeActorFactory$FakePersistenceActor - Storing rss..
21:51:37.970 [Shares-App-System-akka.actor.default-dispatcher-8] INFO  c.m.s.a.FakeActorFactory$FakePersistenceActor - Storing rss..
21:51:37.974 [Shares-App-System-akka.actor.default-dispatcher-3] INFO  c.m.s.s.RssServiceComponent$RssService - Nohting returned...
21:51:37.984 [Shares-App-System-akka.actor.default-dispatcher-8] INFO  c.m.s.a.FakeActorFactory$FakePersistenceActor - Storing rss..
21:51:37.997 [Shares-App-System-akka.actor.default-dispatcher-8] INFO  c.m.s.a.FakeActorFactory$FakePersistenceActor - Storing rss..
21:51:38.010 [Shares-App-System-akka.actor.default-dispatcher-8] INFO  c.m.s.a.FakeActorFactory$FakePersistenceActor - Storing rss..
21:51:38.025 [Shares-App-System-akka.actor.default-dispatcher-3] INFO  c.m.s.s.RssServiceComponent$RssService - Nohting returned...
21:51:38.026 [Shares-App-System-akka.actor.default-dispatcher-8] INFO  c.m.s.a.FakeActorFactory$FakePersistenceActor - Storing rss..
21:51:38.036 [Shares-App-System-akka.actor.default-dispatcher-8] INFO  c.m.s.a.FakeActorFactory$FakePersistenceActor - Storing share price
21:51:38.070 [Shares-App-System-akka.actor.default-dispatcher-4] INFO  c.m.s.s.SharePriceComponent$ConcreteSharePriceService - Downloadign data from url:http://download.finance.yahoo.com/d/quotes.csv?s=EE0003M:IND&f=sl1d1e7e8m4m3r5
21:51:38.071 [Shares-App-System-akka.actor.default-dispatcher-8] INFO  c.m.s.a.FakeActorFactory$FakeSharePriceActor - We got SharePrice(Tue Jul 11 00:00:00 BST 2017,DZZ,6.1439,0.0,0.0,0.0,6.0292,5.7786).Sending it thru
21:51:38.071 [Shares-App-System-akka.actor.default-dispatcher-8] INFO  c.m.s.a.FakeActorFactory$FakeSharePriceActor - fetching prices for share EE0003M:IND....
21:51:38.075 [Shares-App-System-akka.actor.default-dispatcher-3] INFO  c.m.s.s.RssServiceComponent$RssService - Nohting returned...
21:51:38.121 [Shares-App-System-akka.actor.default-dispatcher-3] INFO  c.m.s.s.RssServiceComponent$RssService - Nohting returned...
21:51:38.179 [Shares-App-System-akka.actor.default-dispatcher-3] INFO  c.m.s.s.RssServiceComponent$RssService - Nohting returned...
21:51:38.252 [Shares-App-System-akka.actor.default-dispatcher-3] INFO  c.m.s.s.RssServiceComponent$RssService - Nohting returned...
21:51:38.299 [Shares-App-System-akka.actor.default-dispatcher-4] INFO  c.m.s.s.SharePriceComponent$ConcreteSharePriceService - Downloadign data from url:http://download.finance.yahoo.com/d/quotes.csv?s=EEM&f=sl1d1e7e8m4m3r5
21:51:38.299 [Shares-App-System-akka.actor.default-dispatcher-8] INFO  c.m.s.a.FakeActorFactory$FakeSharePriceActor - Unable to fetch data for EE0003M:IND
21:51:38.300 [Shares-App-System-akka.actor.default-dispatcher-8] INFO  c.m.s.a.FakeActorFactory$FakeSharePriceActor - fetching prices for share EEM....
21:51:38.317 [Shares-App-System-akka.actor.default-dispatcher-3] INFO  c.m.s.s.RssServiceComponent$RssService - Nohting returned...
21:51:38.374 [Shares-App-System-akka.actor.default-dispatcher-8] INFO  c.m.s.a.FakeActorFactory$FakePersistenceActor - Storing share price
21:51:38.401 [Shares-App-System-akka.actor.default-dispatcher-3] INFO  c.m.s.s.RssServiceComponent$RssService - Nohting returned...
21:51:38.491 [Shares-App-System-akka.actor.default-dispatcher-3] INFO  c.m.s.s.RssServiceComponent$RssService - Nohting returned...
21:51:38.537 [Shares-App-System-akka.actor.default-dispatcher-8] INFO  c.m.s.a.FakeActorFactory$FakePersistenceActor - Storing share price
21:51:38.550 [Shares-App-System-akka.actor.default-dispatcher-4] INFO  c.m.s.s.SharePriceComponent$ConcreteSharePriceService - Downloadign data from url:http://download.finance.yahoo.com/d/quotes.csv?s=ERII&f=sl1d1e7e8m4m3r5
21:51:38.551 [Shares-App-System-akka.actor.default-dispatcher-8] INFO  c.m.s.a.FakeActorFactory$FakeSharePriceActor - We got SharePrice(Tue Jul 11 00:00:00 BST 2017,EEM,41.86,0.0,2.29,0.0,38.9,41.41).Sending it thru
21:51:38.552 [Shares-App-System-akka.actor.default-dispatcher-8] INFO  c.m.s.a.FakeActorFactory$FakeSharePriceActor - fetching prices for share ERII....
21:51:38.565 [Shares-App-System-akka.actor.default-dispatcher-3] INFO  c.m.s.s.RssServiceComponent$RssService - Nohting returned...
21:51:38.630 [Shares-App-System-akka.actor.default-dispatcher-3] INFO  c.m.s.s.RssServiceComponent$RssService - Nohting returned...
21:51:38.654 [Shares-App-System-akka.actor.default-dispatcher-8] INFO  c.m.s.a.FakeActorFactory$FakePersistenceActor - Storing share price
21:51:38.736 [Shares-App-System-akka.actor.default-dispatcher-3] INFO  c.m.s.s.RssServiceComponent$RssService - Nohting returned...
21:51:38.765 [Shares-App-System-akka.actor.default-dispatcher-4] INFO  c.m.s.s.SharePriceComponent$ConcreteSharePriceService - Downloadign data from url:http://download.finance.yahoo.com/d/quotes.csv?s=EUR003M:IND&f=sl1d1e7e8m4m3r5
21:51:38.766 [Shares-App-System-akka.actor.default-dispatcher-8] INFO  c.m.s.a.FakeActorFactory$FakeSharePriceActor - We got SharePrice(Tue Jul 11 00:00:00 BST 2017,ERII,7.86,0.62,0.68,0.23,8.9,7.87).Sending it thru
21:51:38.766 [Shares-App-System-akka.actor.default-dispatcher-8] INFO  c.m.s.a.FakeActorFactory$FakeSharePriceActor - fetching prices for share EUR003M:IND....
21:51:38.817 [Shares-App-System-akka.actor.default-dispatcher-3] INFO  c.m.s.s.RssServiceComponent$RssService - Nohting returned...
21:51:38.863 [Shares-App-System-akka.actor.default-dispatcher-8] INFO  c.m.s.a.FakeActorFactory$FakePersistenceActor - Storing share price
21:51:38.885 [Shares-App-System-akka.actor.default-dispatcher-3] INFO  c.m.s.s.RssServiceComponent$RssService - Nohting returned...
21:51:38.964 [Shares-App-System-akka.actor.default-dispatcher-4] INFO  c.m.s.s.SharePriceComponent$ConcreteSharePriceService - Downloadign data from url:http://download.finance.yahoo.com/d/quotes.csv?s=EURCHF=X&f=sl1d1e7e8m4m3r5
21:51:38.964 [Shares-App-System-akka.actor.default-dispatcher-8] INFO  c.m.s.a.FakeActorFactory$FakeSharePriceActor - Unable to fetch data for EUR003M:IND
21:51:38.964 [Shares-App-System-akka.actor.default-dispatcher-8] INFO  c.m.s.a.FakeActorFactory$FakeSharePriceActor - fetching prices for share EURCHF=X....
21:51:38.971 [Shares-App-System-akka.actor.default-dispatcher-8] INFO  c.m.s.a.FakeActorFactory$FakePersistenceActor - Storing share price
21:51:38.990 [Shares-App-System-akka.actor.default-dispatcher-3] INFO  c.m.s.s.RssServiceComponent$RssService - Nohting returned...
21:51:39.097 [Shares-App-System-akka.actor.default-dispatcher-2] INFO  c.m.s.a.FakeActorFactory$FakePersistenceActor - Storing share price
21:51:39.188 [Shares-App-System-akka.actor.default-dispatcher-4] INFO  c.m.s.s.SharePriceComponent$ConcreteSharePriceService - Downloadign data from url:http://download.finance.yahoo.com/d/quotes.csv?s=EURUSD=X&f=sl1d1e7e8m4m3r5
21:51:39.189 [Shares-App-System-akka.actor.default-dispatcher-2] INFO  c.m.s.a.FakeActorFactory$FakeSharePriceActor - We got SharePrice(Tue Jul 11 00:00:00 BST 2017,EURCHF=X,1.1049,0.0,0.0,0.0,0.0,0.0).Sending it thru
21:51:39.189 [Shares-App-System-akka.actor.default-dispatcher-2] INFO  c.m.s.a.FakeActorFactory$FakeSharePriceActor - fetching prices for share EURUSD=X....
21:51:39.197 [Shares-App-System-akka.actor.default-dispatcher-2] INFO  c.m.s.a.FakeActorFactory$FakePersistenceActor - Storing share price
21:51:39.299 [Shares-App-System-akka.actor.default-dispatcher-3] INFO  c.m.s.s.RssServiceComponent$RssService - Nohting returned...
21:51:39.348 [Shares-App-System-akka.actor.default-dispatcher-3] INFO  c.m.s.s.RssServiceComponent$RssService - Nohting returned...
21:51:39.399 [Shares-App-System-akka.actor.default-dispatcher-3] INFO  c.m.s.s.RssServiceComponent$RssService - Nohting returned...
21:51:39.401 [Shares-App-System-akka.actor.default-dispatcher-4] INFO  c.m.s.a.FakeActorFactory$FakeSharePriceActor - We got SharePrice(Tue Jul 11 00:00:00 BST 2017,EURUSD=X,1.1466,0.0,0.0,0.0,0.0,0.0).Sending it thru
21:51:39.403 [Shares-App-System-akka.actor.default-dispatcher-7] INFO  c.m.s.s.SharePriceComponent$ConcreteSharePriceService - Downloadign data from url:http://download.finance.yahoo.com/d/quotes.csv?s=FCX&f=sl1d1e7e8m4m3r5
21:51:39.413 [Shares-App-System-akka.actor.default-dispatcher-9] INFO  c.m.s.a.FakeActorFactory$FakePersistenceActor - Storing share price
21:51:39.414 [Shares-App-System-akka.actor.default-dispatcher-9] INFO  c.m.s.a.FakeActorFactory$FakeSharePriceActor - fetching prices for share FCX....
21:51:39.447 [Shares-App-System-akka.actor.default-dispatcher-3] INFO  c.m.s.s.RssServiceComponent$RssService - Nohting returned...
21:51:39.496 [Shares-App-System-akka.actor.default-dispatcher-3] INFO  c.m.s.s.RssServiceComponent$RssService - Nohting returned...
21:51:39.546 [Shares-App-System-akka.actor.default-dispatcher-3] INFO  c.m.s.s.RssServiceComponent$RssService - Nohting returned...
21:51:39.596 [Shares-App-System-akka.actor.default-dispatcher-3] INFO  c.m.s.s.RssServiceComponent$RssService - Nohting returned...
21:51:39.602 [Shares-App-System-akka.actor.default-dispatcher-7] INFO  c.m.s.s.SharePriceComponent$ConcreteSharePriceService - Downloadign data from url:http://download.finance.yahoo.com/d/quotes.csv?s=FST&f=sl1d1e7e8m4m3r5
21:51:39.602 [Shares-App-System-akka.actor.default-dispatcher-4] INFO  c.m.s.a.FakeActorFactory$FakeSharePriceActor - We got SharePrice(Tue Jul 11 00:00:00 BST 2017,FCX,12.58,0.22,1.02,1.32,13.34,11.71).Sending it thru
21:51:39.602 [Shares-App-System-akka.actor.default-dispatcher-4] INFO  c.m.s.a.FakeActorFactory$FakeSharePriceActor - fetching prices for share FST....
21:51:39.603 [Shares-App-System-akka.actor.default-dispatcher-4] INFO  c.m.s.a.FakeActorFactory$FakePersistenceActor - Storing share price
21:51:39.644 [Shares-App-System-akka.actor.default-dispatcher-3] INFO  c.m.s.s.RssServiceComponent$RssService - Nohting returned...
21:51:39.691 [Shares-App-System-akka.actor.default-dispatcher-3] INFO  c.m.s.s.RssServiceComponent$RssService - Nohting returned...
21:51:39.738 [Shares-App-System-akka.actor.default-dispatcher-3] INFO  c.m.s.s.RssServiceComponent$RssService - Nohting returned...
21:51:39.792 [Shares-App-System-akka.actor.default-dispatcher-3] INFO  c.m.s.s.RssServiceComponent$RssService - Nohting returned...
21:51:39.796 [Shares-App-System-akka.actor.default-dispatcher-7] INFO  c.m.s.s.SharePriceComponent$ConcreteSharePriceService - Downloadign data from url:http://download.finance.yahoo.com/d/quotes.csv?s=FXA&f=sl1d1e7e8m4m3r5
21:51:39.797 [Shares-App-System-akka.actor.default-dispatcher-9] INFO  c.m.s.a.FakeActorFactory$FakeSharePriceActor - Unable to fetch data for FST
21:51:39.798 [Shares-App-System-akka.actor.default-dispatcher-9] INFO  c.m.s.a.FakeActorFactory$FakeSharePriceActor - fetching prices for share FXA....
21:51:39.841 [Shares-App-System-akka.actor.default-dispatcher-3] INFO  c.m.s.s.RssServiceComponent$RssService - Nohting returned...
21:51:39.892 [Shares-App-System-akka.actor.default-dispatcher-3] INFO  c.m.s.s.RssServiceComponent$RssService - Nohting returned...
21:51:39.939 [Shares-App-System-akka.actor.default-dispatcher-3] INFO  c.m.s.s.RssServiceComponent$RssService - Nohting returned...
21:51:39.988 [Shares-App-System-akka.actor.default-dispatcher-3] INFO  c.m.s.s.RssServiceComponent$RssService - Nohting returned...
21:51:39.990 [Shares-App-System-akka.actor.default-dispatcher-7] INFO  c.m.s.s.SharePriceComponent$ConcreteSharePriceService - Downloadign data from url:http://download.finance.yahoo.com/d/quotes.csv?s=FXC&f=sl1d1e7e8m4m3r5
21:51:39.991 [Shares-App-System-akka.actor.default-dispatcher-9] INFO  c.m.s.a.FakeActorFactory$FakeSharePriceActor - We got SharePrice(Tue Jul 11 00:00:00 BST 2017,FXA,76.3426,0.0,0.0,0.0,75.2309,75.1251).Sending it thru
21:51:39.991 [Shares-App-System-akka.actor.default-dispatcher-9] INFO  c.m.s.a.FakeActorFactory$FakeSharePriceActor - fetching prices for share FXC....
21:51:39.992 [Shares-App-System-akka.actor.default-dispatcher-9] INFO  c.m.s.a.FakeActorFactory$FakePersistenceActor - Storing share price
21:51:40.034 [Shares-App-System-akka.actor.default-dispatcher-3] INFO  c.m.s.s.RssServiceComponent$RssService - Nohting returned...
21:51:40.080 [Shares-App-System-akka.actor.default-dispatcher-3] INFO  c.m.s.s.RssServiceComponent$RssService - Nohting returned...
21:51:40.127 [Shares-App-System-akka.actor.default-dispatcher-3] INFO  c.m.s.s.RssServiceComponent$RssService - Nohting returned...
21:51:40.174 [Shares-App-System-akka.actor.default-dispatcher-3] INFO  c.m.s.s.RssServiceComponent$RssService - Nohting returned...
21:51:40.184 [Shares-App-System-akka.actor.default-dispatcher-7] INFO  c.m.s.s.SharePriceComponent$ConcreteSharePriceService - Downloadign data from url:http://download.finance.yahoo.com/d/quotes.csv?s=GBPCHF=X&f=sl1d1e7e8m4m3r5
21:51:40.185 [Shares-App-System-akka.actor.default-dispatcher-9] INFO  c.m.s.a.FakeActorFactory$FakeSharePriceActor - We got SharePrice(Tue Jul 11 00:00:00 BST 2017,FXC,76.37,0.0,0.0,0.0,73.98,73.64).Sending it thru
21:51:40.185 [Shares-App-System-akka.actor.default-dispatcher-9] INFO  c.m.s.a.FakeActorFactory$FakeSharePriceActor - fetching prices for share GBPCHF=X....
21:51:40.213 [Shares-App-System-akka.actor.default-dispatcher-9] INFO  c.m.s.a.FakeActorFactory$FakePersistenceActor - Storing share price
21:51:40.223 [Shares-App-System-akka.actor.default-dispatcher-3] INFO  c.m.s.s.RssServiceComponent$RssService - Nohting returned...
21:51:40.270 [Shares-App-System-akka.actor.default-dispatcher-3] INFO  c.m.s.s.RssServiceComponent$RssService - Nohting returned...
21:51:40.323 [Shares-App-System-akka.actor.default-dispatcher-3] INFO  c.m.s.s.RssServiceComponent$RssService - Nohting returned...
21:51:40.368 [Shares-App-System-akka.actor.default-dispatcher-3] INFO  c.m.s.s.RssServiceComponent$RssService - Nohting returned...
21:51:40.392 [Shares-App-System-akka.actor.default-dispatcher-7] INFO  c.m.s.s.SharePriceComponent$ConcreteSharePriceService - Downloadign data from url:http://download.finance.yahoo.com/d/quotes.csv?s=GBPEUR=X&f=sl1d1e7e8m4m3r5
21:51:40.392 [Shares-App-System-akka.actor.default-dispatcher-4] INFO  c.m.s.a.FakeActorFactory$FakeSharePriceActor - We got SharePrice(Tue Jul 11 00:00:00 BST 2017,GBPCHF=X,1.2382,0.0,0.0,0.0,0.0,0.0).Sending it thru
21:51:40.393 [Shares-App-System-akka.actor.default-dispatcher-4] INFO  c.m.s.a.FakeActorFactory$FakePersistenceActor - Storing share price
21:51:40.394 [Shares-App-System-akka.actor.default-dispatcher-4] INFO  c.m.s.a.FakeActorFactory$FakeSharePriceActor - fetching prices for share GBPEUR=X....
21:51:40.417 [Shares-App-System-akka.actor.default-dispatcher-3] INFO  c.m.s.s.RssServiceComponent$RssService - Nohting returned...
21:51:40.466 [Shares-App-System-akka.actor.default-dispatcher-3] INFO  c.m.s.s.RssServiceComponent$RssService - Nohting returned...
21:51:40.514 [Shares-App-System-akka.actor.default-dispatcher-3] INFO  c.m.s.s.RssServiceComponent$RssService - Nohting returned...
21:51:40.565 [Shares-App-System-akka.actor.default-dispatcher-3] INFO  c.m.s.s.RssServiceComponent$RssService - Nohting returned...
21:51:40.614 [Shares-App-System-akka.actor.default-dispatcher-3] INFO  c.m.s.s.RssServiceComponent$RssService - Nohting returned...
21:51:40.614 [Shares-App-System-akka.actor.default-dispatcher-7] INFO  c.m.s.s.SharePriceComponent$ConcreteSharePriceService - Downloadign data from url:http://download.finance.yahoo.com/d/quotes.csv?s=GBPUSD=X&f=sl1d1e7e8m4m3r5
21:51:40.615 [Shares-App-System-akka.actor.default-dispatcher-9] INFO  c.m.s.a.FakeActorFactory$FakeSharePriceActor - We got SharePrice(Tue Jul 11 00:00:00 BST 2017,GBPEUR=X,1.1204,0.0,0.0,0.0,0.0,0.0).Sending it thru
21:51:40.615 [Shares-App-System-akka.actor.default-dispatcher-9] INFO  c.m.s.a.FakeActorFactory$FakeSharePriceActor - fetching prices for share GBPUSD=X....
21:51:40.616 [Shares-App-System-akka.actor.default-dispatcher-9] INFO  c.m.s.a.FakeActorFactory$FakePersistenceActor - Storing share price
21:51:40.668 [Shares-App-System-akka.actor.default-dispatcher-3] INFO  c.m.s.s.RssServiceComponent$RssService - Nohting returned...
21:51:40.714 [Shares-App-System-akka.actor.default-dispatcher-3] INFO  c.m.s.s.RssServiceComponent$RssService - Nohting returned...
21:51:40.760 [Shares-App-System-akka.actor.default-dispatcher-3] INFO  c.m.s.s.RssServiceComponent$RssService - Nohting returned...
21:51:40.811 [Shares-App-System-akka.actor.default-dispatcher-3] INFO  c.m.s.s.RssServiceComponent$RssService - Nohting returned...
21:51:40.819 [Shares-App-System-akka.actor.default-dispatcher-7] INFO  c.m.s.s.SharePriceComponent$ConcreteSharePriceService - Downloadign data from url:http://download.finance.yahoo.com/d/quotes.csv?s=GE&f=sl1d1e7e8m4m3r5
21:51:40.819 [Shares-App-System-akka.actor.default-dispatcher-4] INFO  c.m.s.a.FakeActorFactory$FakeSharePriceActor - We got SharePrice(Tue Jul 11 00:00:00 BST 2017,GBPUSD=X,1.2847,0.0,0.0,0.0,0.0,0.0).Sending it thru
21:51:40.820 [Shares-App-System-akka.actor.default-dispatcher-4] INFO  c.m.s.a.FakeActorFactory$FakePersistenceActor - Storing share price
21:51:40.820 [Shares-App-System-akka.actor.default-dispatcher-4] INFO  c.m.s.a.FakeActorFactory$FakeSharePriceActor - fetching prices for share GE....
21:51:40.858 [Shares-App-System-akka.actor.default-dispatcher-3] INFO  c.m.s.s.RssServiceComponent$RssService - Nohting returned...
21:51:40.906 [Shares-App-System-akka.actor.default-dispatcher-3] INFO  c.m.s.s.RssServiceComponent$RssService - Nohting returned...
21:51:40.956 [Shares-App-System-akka.actor.default-dispatcher-3] INFO  c.m.s.s.RssServiceComponent$RssService - Nohting returned...
21:51:41.003 [Shares-App-System-akka.actor.default-dispatcher-3] INFO  c.m.s.s.RssServiceComponent$RssService - Nohting returned...
21:51:41.014 [Shares-App-System-akka.actor.default-dispatcher-7] INFO  c.m.s.s.SharePriceComponent$ConcreteSharePriceService - Downloadign data from url:http://download.finance.yahoo.com/d/quotes.csv?s=GLD&f=sl1d1e7e8m4m3r5
21:51:41.015 [Shares-App-System-akka.actor.default-dispatcher-9] INFO  c.m.s.a.FakeActorFactory$FakeSharePriceActor - We got SharePrice(Tue Jul 11 00:00:00 BST 2017,GE,26.38,1.35,1.63,1.87,29.66,27.94).Sending it thru
21:51:41.016 [Shares-App-System-akka.actor.default-dispatcher-9] INFO  c.m.s.a.FakeActorFactory$FakeSharePriceActor - fetching prices for share GLD....
21:51:41.017 [Shares-App-System-akka.actor.default-dispatcher-9] INFO  c.m.s.a.FakeActorFactory$FakePersistenceActor - Storing share price
21:51:41.050 [Shares-App-System-akka.actor.default-dispatcher-3] INFO  c.m.s.s.RssServiceComponent$RssService - Nohting returned...
21:51:41.097 [Shares-App-System-akka.actor.default-dispatcher-3] INFO  c.m.s.s.RssServiceComponent$RssService - Nohting returned...
21:51:41.144 [Shares-App-System-akka.actor.default-dispatcher-3] INFO  c.m.s.s.RssServiceComponent$RssService - Nohting returned...
21:51:41.192 [Shares-App-System-akka.actor.default-dispatcher-3] INFO  c.m.s.s.RssServiceComponent$RssService - Nohting returned...
21:51:41.211 [Shares-App-System-akka.actor.default-dispatcher-7] INFO  c.m.s.s.SharePriceComponent$ConcreteSharePriceService - Downloadign data from url:http://download.finance.yahoo.com/d/quotes.csv?s=GLL&f=sl1d1e7e8m4m3r5
21:51:41.211 [Shares-App-System-akka.actor.default-dispatcher-4] INFO  c.m.s.a.FakeActorFactory$FakeSharePriceActor - We got SharePrice(Tue Jul 11 00:00:00 BST 2017,GLD,115.62,0.0,0.0,0.0,117.04,119.56).Sending it thru
21:51:41.212 [Shares-App-System-akka.actor.default-dispatcher-4] INFO  c.m.s.a.FakeActorFactory$FakeSharePriceActor - fetching prices for share GLL....
21:51:41.213 [Shares-App-System-akka.actor.default-dispatcher-4] INFO  c.m.s.a.FakeActorFactory$FakePersistenceActor - Storing share price
21:51:41.238 [Shares-App-System-akka.actor.default-dispatcher-3] INFO  c.m.s.s.RssServiceComponent$RssService - Nohting returned...
21:51:41.285 [Shares-App-System-akka.actor.default-dispatcher-3] INFO  c.m.s.s.RssServiceComponent$RssService - Nohting returned...
21:51:41.333 [Shares-App-System-akka.actor.default-dispatcher-3] INFO  c.m.s.s.RssServiceComponent$RssService - Nohting returned...
21:51:41.385 [Shares-App-System-akka.actor.default-dispatcher-3] INFO  c.m.s.s.RssServiceComponent$RssService - Nohting returned...
21:51:41.405 [Shares-App-System-akka.actor.default-dispatcher-7] INFO  c.m.s.s.SharePriceComponent$ConcreteSharePriceService - Downloadign data from url:http://download.finance.yahoo.com/d/quotes.csv?s=GM&f=sl1d1e7e8m4m3r5
21:51:41.405 [Shares-App-System-akka.actor.default-dispatcher-9] INFO  c.m.s.a.FakeActorFactory$FakeSharePriceActor - We got SharePrice(Tue Jul 11 00:00:00 BST 2017,GLL,79.56,0.0,0.0,0.0,78.76,74.64).Sending it thru
21:51:41.406 [Shares-App-System-akka.actor.default-dispatcher-9] INFO  c.m.s.a.FakeActorFactory$FakePersistenceActor - Storing share price
21:51:41.407 [Shares-App-System-akka.actor.default-dispatcher-9] INFO  c.m.s.a.FakeActorFactory$FakeSharePriceActor - fetching prices for share GM....
21:51:41.431 [Shares-App-System-akka.actor.default-dispatcher-3] INFO  c.m.s.s.RssServiceComponent$RssService - Nohting returned...
21:51:41.487 [Shares-App-System-akka.actor.default-dispatcher-3] INFO  c.m.s.s.RssServiceComponent$RssService - Nohting returned...
21:51:41.536 [Shares-App-System-akka.actor.default-dispatcher-3] INFO  c.m.s.s.RssServiceComponent$RssService - Nohting returned...
21:51:41.584 [Shares-App-System-akka.actor.default-dispatcher-3] INFO  c.m.s.s.RssServiceComponent$RssService - Nohting returned...
21:51:41.607 [Shares-App-System-akka.actor.default-dispatcher-7] INFO  c.m.s.s.SharePriceComponent$ConcreteSharePriceService - Downloadign data from url:http://download.finance.yahoo.com/d/quotes.csv?s=GS&f=sl1d1e7e8m4m3r5
21:51:41.607 [Shares-App-System-akka.actor.default-dispatcher-4] INFO  c.m.s.a.FakeActorFactory$FakeSharePriceActor - We got SharePrice(Tue Jul 11 00:00:00 BST 2017,GM,35.4,-1.25,6.06,5.97,35.33,33.94).Sending it thru
21:51:41.608 [Shares-App-System-akka.actor.default-dispatcher-4] INFO  c.m.s.a.FakeActorFactory$FakePersistenceActor - Storing share price
21:51:41.608 [Shares-App-System-akka.actor.default-dispatcher-4] INFO  c.m.s.a.FakeActorFactory$FakeSharePriceActor - fetching prices for share GS....
21:51:41.637 [Shares-App-System-akka.actor.default-dispatcher-3] INFO  c.m.s.s.RssServiceComponent$RssService - Nohting returned...
21:51:41.686 [Shares-App-System-akka.actor.default-dispatcher-3] INFO  c.m.s.s.RssServiceComponent$RssService - Nohting returned...
21:51:41.735 [Shares-App-System-akka.actor.default-dispatcher-3] INFO  c.m.s.s.RssServiceComponent$RssService - Nohting returned...
21:51:41.782 [Shares-App-System-akka.actor.default-dispatcher-3] INFO  c.m.s.s.RssServiceComponent$RssService - Nohting returned...
21:51:41.818 [Shares-App-System-akka.actor.default-dispatcher-3] INFO  c.m.s.a.FakeActorFactory$FakeSharePriceActor - We got SharePrice(Tue Jul 11 00:00:00 BST 2017,GS,226.95,1.0,18.61,20.76,232.67,220.24).Sending it thru
21:51:41.818 [Shares-App-System-akka.actor.default-dispatcher-7] INFO  c.m.s.s.SharePriceComponent$ConcreteSharePriceService - Downloadign data from url:http://download.finance.yahoo.com/d/quotes.csv?s=HLF&f=sl1d1e7e8m4m3r5
21:51:41.818 [Shares-App-System-akka.actor.default-dispatcher-3] INFO  c.m.s.a.FakeActorFactory$FakePersistenceActor - Storing share price
21:51:41.819 [Shares-App-System-akka.actor.default-dispatcher-3] INFO  c.m.s.a.FakeActorFactory$FakeSharePriceActor - fetching prices for share HLF....
21:51:42.014 [Shares-App-System-akka.actor.default-dispatcher-7] INFO  c.m.s.s.SharePriceComponent$ConcreteSharePriceService - Downloadign data from url:http://download.finance.yahoo.com/d/quotes.csv?s=IOC&f=sl1d1e7e8m4m3r5
21:51:42.015 [Shares-App-System-akka.actor.default-dispatcher-9] INFO  c.m.s.a.FakeActorFactory$FakeSharePriceActor - We got SharePrice(Tue Jul 11 00:00:00 BST 2017,HLF,72.82,-31.06,4.62,5.52,60.19,71.5).Sending it thru
21:51:42.015 [Shares-App-System-akka.actor.default-dispatcher-9] INFO  c.m.s.a.FakeActorFactory$FakePersistenceActor - Storing share price
21:51:42.016 [Shares-App-System-akka.actor.default-dispatcher-9] INFO  c.m.s.a.FakeActorFactory$FakeSharePriceActor - fetching prices for share IOC....
21:51:42.225 [Shares-App-System-akka.actor.default-dispatcher-7] INFO  c.m.s.s.SharePriceComponent$ConcreteSharePriceService - Downloadign data from url:http://download.finance.yahoo.com/d/quotes.csv?s=JJC&f=sl1d1e7e8m4m3r5
21:51:42.225 [Shares-App-System-akka.actor.default-dispatcher-3] INFO  c.m.s.a.FakeActorFactory$FakeSharePriceActor - Unable to fetch data for IOC
21:51:42.225 [Shares-App-System-akka.actor.default-dispatcher-3] INFO  c.m.s.a.FakeActorFactory$FakeSharePriceActor - fetching prices for share JJC....
21:51:42.431 [Shares-App-System-akka.actor.default-dispatcher-7] INFO  c.m.s.s.SharePriceComponent$ConcreteSharePriceService - Downloadign data from url:http://download.finance.yahoo.com/d/quotes.csv?s=JNGW&f=sl1d1e7e8m4m3r5
21:51:42.431 [Shares-App-System-akka.actor.default-dispatcher-3] INFO  c.m.s.a.FakeActorFactory$FakeSharePriceActor - We got SharePrice(Tue Jul 11 00:00:00 BST 2017,JJC,30.295,0.0,0.0,0.0,29.863,29.326).Sending it thru
21:51:42.431 [Shares-App-System-akka.actor.default-dispatcher-3] INFO  c.m.s.a.FakeActorFactory$FakePersistenceActor - Storing share price
21:51:42.432 [Shares-App-System-akka.actor.default-dispatcher-3] INFO  c.m.s.a.FakeActorFactory$FakeSharePriceActor - fetching prices for share JNGW....
21:51:42.626 [Shares-App-System-akka.actor.default-dispatcher-7] INFO  c.m.s.s.SharePriceComponent$ConcreteSharePriceService - Downloadign data from url:http://download.finance.yahoo.com/d/quotes.csv?s=KHC&f=sl1d1e7e8m4m3r5
21:51:42.627 [Shares-App-System-akka.actor.default-dispatcher-9] INFO  c.m.s.a.FakeActorFactory$FakeSharePriceActor - Unable to fetch data for JNGW
21:51:42.627 [Shares-App-System-akka.actor.default-dispatcher-9] INFO  c.m.s.a.FakeActorFactory$FakeSharePriceActor - fetching prices for share KHC....
21:51:42.821 [Shares-App-System-akka.actor.default-dispatcher-7] INFO  c.m.s.s.SharePriceComponent$ConcreteSharePriceService - Downloadign data from url:http://download.finance.yahoo.com/d/quotes.csv?s=KOLD&f=sl1d1e7e8m4m3r5
21:51:42.822 [Shares-App-System-akka.actor.default-dispatcher-9] INFO  c.m.s.a.FakeActorFactory$FakeSharePriceActor - We got SharePrice(Tue Jul 11 00:00:00 BST 2017,KHC,83.75,0.0,3.24,4.01,90.03,90.71).Sending it thru
21:51:42.822 [Shares-App-System-akka.actor.default-dispatcher-9] INFO  c.m.s.a.FakeActorFactory$FakePersistenceActor - Storing share price
21:51:42.823 [Shares-App-System-akka.actor.default-dispatcher-9] INFO  c.m.s.a.FakeActorFactory$FakeSharePriceActor - fetching prices for share KOLD....
21:51:43.023 [Shares-App-System-akka.actor.default-dispatcher-7] INFO  c.m.s.s.SharePriceComponent$ConcreteSharePriceService - Downloadign data from url:http://download.finance.yahoo.com/d/quotes.csv?s=KRFT&f=sl1d1e7e8m4m3r5
21:51:43.023 [Shares-App-System-akka.actor.default-dispatcher-3] INFO  c.m.s.a.FakeActorFactory$FakeSharePriceActor - We got SharePrice(Tue Jul 11 00:00:00 BST 2017,KOLD,32.94,0.0,0.0,0.0,30.25,31.84).Sending it thru
21:51:43.025 [Shares-App-System-akka.actor.default-dispatcher-3] INFO  c.m.s.a.FakeActorFactory$FakeSharePriceActor - fetching prices for share KRFT....
21:51:43.025 [Shares-App-System-akka.actor.default-dispatcher-3] INFO  c.m.s.a.FakeActorFactory$FakePersistenceActor - Storing share price
21:51:43.219 [Shares-App-System-akka.actor.default-dispatcher-7] INFO  c.m.s.s.SharePriceComponent$ConcreteSharePriceService - Downloadign data from url:http://download.finance.yahoo.com/d/quotes.csv?s=MCD&f=sl1d1e7e8m4m3r5
21:51:43.220 [Shares-App-System-akka.actor.default-dispatcher-2] INFO  c.m.s.a.FakeActorFactory$FakeSharePriceActor - Unable to fetch data for KRFT
21:51:43.220 [Shares-App-System-akka.actor.default-dispatcher-2] INFO  c.m.s.a.FakeActorFactory$FakeSharePriceActor - fetching prices for share MCD....
21:51:43.417 [Shares-App-System-akka.actor.default-dispatcher-7] INFO  c.m.s.s.SharePriceComponent$ConcreteSharePriceService - Downloadign data from url:http://download.finance.yahoo.com/d/quotes.csv?s=MDLZ&f=sl1d1e7e8m4m3r5
21:51:43.417 [Shares-App-System-akka.actor.default-dispatcher-2] INFO  c.m.s.a.FakeActorFactory$FakeSharePriceActor - We got SharePrice(Tue Jul 11 00:00:00 BST 2017,MCD,154.91,2.7,6.4,6.85,133.7,150.67).Sending it thru
21:51:43.418 [Shares-App-System-akka.actor.default-dispatcher-2] INFO  c.m.s.a.FakeActorFactory$FakePersistenceActor - Storing share price
21:51:43.418 [Shares-App-System-akka.actor.default-dispatcher-2] INFO  c.m.s.a.FakeActorFactory$FakeSharePriceActor - fetching prices for share MDLZ....
21:51:43.613 [Shares-App-System-akka.actor.default-dispatcher-7] INFO  c.m.s.s.SharePriceComponent$ConcreteSharePriceService - Downloadign data from url:http://download.finance.yahoo.com/d/quotes.csv?s=NFLX&f=sl1d1e7e8m4m3r5
21:51:43.613 [Shares-App-System-akka.actor.default-dispatcher-3] INFO  c.m.s.a.FakeActorFactory$FakeSharePriceActor - We got SharePrice(Tue Jul 11 00:00:00 BST 2017,MDLZ,42.99,1.98,2.11,2.34,44.68,45.61).Sending it thru
21:51:43.614 [Shares-App-System-akka.actor.default-dispatcher-3] INFO  c.m.s.a.FakeActorFactory$FakePersistenceActor - Storing share price
21:51:43.614 [Shares-App-System-akka.actor.default-dispatcher-3] INFO  c.m.s.a.FakeActorFactory$FakeSharePriceActor - fetching prices for share NFLX....
21:51:43.809 [Shares-App-System-akka.actor.default-dispatcher-7] INFO  c.m.s.s.SharePriceComponent$ConcreteSharePriceService - Downloadign data from url:http://download.finance.yahoo.com/d/quotes.csv?s=NGD&f=sl1d1e7e8m4m3r5
21:51:43.809 [Shares-App-System-akka.actor.default-dispatcher-3] INFO  c.m.s.a.FakeActorFactory$FakeSharePriceActor - We got SharePrice(Tue Jul 11 00:00:00 BST 2017,NFLX,154.33,2.35,1.05,1.94,144.87,157.8).Sending it thru
21:51:43.810 [Shares-App-System-akka.actor.default-dispatcher-3] INFO  c.m.s.a.FakeActorFactory$FakePersistenceActor - Storing share price
21:51:43.811 [Shares-App-System-akka.actor.default-dispatcher-3] INFO  c.m.s.a.FakeActorFactory$FakeSharePriceActor - fetching prices for share NGD....
21:51:44.021 [Shares-App-System-akka.actor.default-dispatcher-7] INFO  c.m.s.s.SharePriceComponent$ConcreteSharePriceService - Downloadign data from url:http://download.finance.yahoo.com/d/quotes.csv?s=NZDUSD=X&f=sl1d1e7e8m4m3r5
21:51:44.022 [Shares-App-System-akka.actor.default-dispatcher-2] INFO  c.m.s.a.FakeActorFactory$FakeSharePriceActor - We got SharePrice(Tue Jul 11 00:00:00 BST 2017,NGD,2.96,7.53,0.08,0.13,3.14,2.99).Sending it thru
21:51:44.023 [Shares-App-System-akka.actor.default-dispatcher-2] INFO  c.m.s.a.FakeActorFactory$FakeSharePriceActor - fetching prices for share NZDUSD=X....
21:51:44.024 [Shares-App-System-akka.actor.default-dispatcher-2] INFO  c.m.s.a.FakeActorFactory$FakePersistenceActor - Storing share price
21:51:44.228 [Shares-App-System-akka.actor.default-dispatcher-7] INFO  c.m.s.s.SharePriceComponent$ConcreteSharePriceService - Downloadign data from url:http://download.finance.yahoo.com/d/quotes.csv?s=OCN&f=sl1d1e7e8m4m3r5
21:51:44.228 [Shares-App-System-akka.actor.default-dispatcher-3] INFO  c.m.s.a.FakeActorFactory$FakeSharePriceActor - We got SharePrice(Tue Jul 11 00:00:00 BST 2017,NZDUSD=X,0.7223,0.0,0.0,0.0,0.0,0.0).Sending it thru
21:51:44.229 [Shares-App-System-akka.actor.default-dispatcher-3] INFO  c.m.s.a.FakeActorFactory$FakeSharePriceActor - fetching prices for share OCN....
21:51:44.229 [Shares-App-System-akka.actor.default-dispatcher-3] INFO  c.m.s.a.FakeActorFactory$FakePersistenceActor - Storing share price
21:51:44.426 [Shares-App-System-akka.actor.default-dispatcher-7] INFO  c.m.s.s.SharePriceComponent$ConcreteSharePriceService - Downloadign data from url:http://download.finance.yahoo.com/d/quotes.csv?s=OPTT&f=sl1d1e7e8m4m3r5
21:51:44.427 [Shares-App-System-akka.actor.default-dispatcher-2] INFO  c.m.s.a.FakeActorFactory$FakeSharePriceActor - We got SharePrice(Tue Jul 11 00:00:00 BST 2017,OCN,2.74,-0.83,-1.11,-0.99,4.26,2.69).Sending it thru
21:51:44.428 [Shares-App-System-akka.actor.default-dispatcher-2] INFO  c.m.s.a.FakeActorFactory$FakePersistenceActor - Storing share price
21:51:44.429 [Shares-App-System-akka.actor.default-dispatcher-2] INFO  c.m.s.a.FakeActorFactory$FakeSharePriceActor - fetching prices for share OPTT....
21:51:44.639 [Shares-App-System-akka.actor.default-dispatcher-7] INFO  c.m.s.s.SharePriceComponent$ConcreteSharePriceService - Downloadign data from url:http://download.finance.yahoo.com/d/quotes.csv?s=PBR&f=sl1d1e7e8m4m3r5
21:51:44.639 [Shares-App-System-akka.actor.default-dispatcher-3] INFO  c.m.s.a.FakeActorFactory$FakeSharePriceActor - We got SharePrice(Tue Jul 11 00:00:00 BST 2017,OPTT,1.34,0.0,-5.65,-2.23,2.21,1.4).Sending it thru
21:51:44.639 [Shares-App-System-akka.actor.default-dispatcher-3] INFO  c.m.s.a.FakeActorFactory$FakePersistenceActor - Storing share price
21:51:44.640 [Shares-App-System-akka.actor.default-dispatcher-3] INFO  c.m.s.a.FakeActorFactory$FakeSharePriceActor - fetching prices for share PBR....
21:51:44.843 [Shares-App-System-akka.actor.default-dispatcher-7] INFO  c.m.s.s.SharePriceComponent$ConcreteSharePriceService - Downloadign data from url:http://download.finance.yahoo.com/d/quotes.csv?s=PIN&f=sl1d1e7e8m4m3r5
21:51:44.843 [Shares-App-System-akka.actor.default-dispatcher-2] INFO  c.m.s.a.FakeActorFactory$FakeSharePriceActor - We got SharePrice(Tue Jul 11 00:00:00 BST 2017,PBR,8.04,-0.54,0.74,0.91,9.67,8.61).Sending it thru
21:51:44.844 [Shares-App-System-akka.actor.default-dispatcher-2] INFO  c.m.s.a.FakeActorFactory$FakeSharePriceActor - fetching prices for share PIN....
21:51:44.846 [Shares-App-System-akka.actor.default-dispatcher-8] INFO  c.m.s.a.FakeActorFactory$FakePersistenceActor - Storing share price
21:51:45.038 [Shares-App-System-akka.actor.default-dispatcher-7] INFO  c.m.s.s.SharePriceComponent$ConcreteSharePriceService - Downloadign data from url:http://download.finance.yahoo.com/d/quotes.csv?s=PLTM&f=sl1d1e7e8m4m3r5
21:51:45.039 [Shares-App-System-akka.actor.default-dispatcher-2] INFO  c.m.s.a.FakeActorFactory$FakeSharePriceActor - We got SharePrice(Tue Jul 11 00:00:00 BST 2017,PIN,23.65,0.0,0.0,0.0,21.87,23.14).Sending it thru
21:51:45.040 [Shares-App-System-akka.actor.default-dispatcher-2] INFO  c.m.s.a.FakeActorFactory$FakeSharePriceActor - fetching prices for share PLTM....
21:51:45.041 [Shares-App-System-akka.actor.default-dispatcher-2] INFO  c.m.s.a.FakeActorFactory$FakePersistenceActor - Storing share price
21:51:45.243 [Shares-App-System-akka.actor.default-dispatcher-7] INFO  c.m.s.s.SharePriceComponent$ConcreteSharePriceService - Downloadign data from url:http://download.finance.yahoo.com/d/quotes.csv?s=PTD&f=sl1d1e7e8m4m3r5
21:51:45.243 [Shares-App-System-akka.actor.default-dispatcher-3] INFO  c.m.s.a.FakeActorFactory$FakeSharePriceActor - Unable to fetch data for PLTM
21:51:45.244 [Shares-App-System-akka.actor.default-dispatcher-3] INFO  c.m.s.a.FakeActorFactory$FakeSharePriceActor - fetching prices for share PTD....
21:51:45.449 [Shares-App-System-akka.actor.default-dispatcher-7] INFO  c.m.s.s.SharePriceComponent$ConcreteSharePriceService - Downloadign data from url:http://download.finance.yahoo.com/d/quotes.csv?s=PTM&f=sl1d1e7e8m4m3r5
21:51:45.449 [Shares-App-System-akka.actor.default-dispatcher-3] INFO  c.m.s.a.FakeActorFactory$FakeSharePriceActor - Unable to fetch data for PTD
21:51:45.449 [Shares-App-System-akka.actor.default-dispatcher-3] INFO  c.m.s.a.FakeActorFactory$FakeSharePriceActor - fetching prices for share PTM....
21:51:45.652 [Shares-App-System-akka.actor.default-dispatcher-7] INFO  c.m.s.s.SharePriceComponent$ConcreteSharePriceService - Downloadign data from url:http://download.finance.yahoo.com/d/quotes.csv?s=PTY&f=sl1d1e7e8m4m3r5
21:51:45.652 [Shares-App-System-akka.actor.default-dispatcher-3] INFO  c.m.s.a.FakeActorFactory$FakeSharePriceActor - We got SharePrice(Tue Jul 11 00:00:00 BST 2017,PTM,9.304,0.0,-0.21,0.0,10.054,9.799).Sending it thru
21:51:45.653 [Shares-App-System-akka.actor.default-dispatcher-3] INFO  c.m.s.a.FakeActorFactory$FakeSharePriceActor - fetching prices for share PTY....
21:51:45.653 [Shares-App-System-akka.actor.default-dispatcher-3] INFO  c.m.s.a.FakeActorFactory$FakePersistenceActor - Storing share price
21:51:45.846 [Shares-App-System-akka.actor.default-dispatcher-7] INFO  c.m.s.s.SharePriceComponent$ConcreteSharePriceService - Downloadign data from url:http://download.finance.yahoo.com/d/quotes.csv?s=REE&f=sl1d1e7e8m4m3r5
21:51:45.846 [Shares-App-System-akka.actor.default-dispatcher-2] INFO  c.m.s.a.FakeActorFactory$FakeSharePriceActor - We got SharePrice(Tue Jul 11 00:00:00 BST 2017,PTY,16.5,0.0,0.0,0.0,15.58,16.29).Sending it thru
21:51:45.846 [Shares-App-System-akka.actor.default-dispatcher-2] INFO  c.m.s.a.FakeActorFactory$FakePersistenceActor - Storing share price
21:51:45.847 [Shares-App-System-akka.actor.default-dispatcher-2] INFO  c.m.s.a.FakeActorFactory$FakeSharePriceActor - fetching prices for share REE....
21:51:46.043 [Shares-App-System-akka.actor.default-dispatcher-7] INFO  c.m.s.s.SharePriceComponent$ConcreteSharePriceService - Downloadign data from url:http://download.finance.yahoo.com/d/quotes.csv?s=SCO&f=sl1d1e7e8m4m3r5
21:51:46.043 [Shares-App-System-akka.actor.default-dispatcher-3] INFO  c.m.s.a.FakeActorFactory$FakeSharePriceActor - Unable to fetch data for REE
21:51:46.043 [Shares-App-System-akka.actor.default-dispatcher-3] INFO  c.m.s.a.FakeActorFactory$FakeSharePriceActor - fetching prices for share SCO....
21:51:46.246 [Shares-App-System-akka.actor.default-dispatcher-7] INFO  c.m.s.s.SharePriceComponent$ConcreteSharePriceService - Downloadign data from url:http://download.finance.yahoo.com/d/quotes.csv?s=SLW&f=sl1d1e7e8m4m3r5
21:51:46.246 [Shares-App-System-akka.actor.default-dispatcher-3] INFO  c.m.s.a.FakeActorFactory$FakeSharePriceActor - We got SharePrice(Tue Jul 11 00:00:00 BST 2017,SCO,44.91,0.0,0.0,0.0,42.11,42.58).Sending it thru
21:51:46.247 [Shares-App-System-akka.actor.default-dispatcher-3] INFO  c.m.s.a.FakeActorFactory$FakePersistenceActor - Storing share price
21:51:46.247 [Shares-App-System-akka.actor.default-dispatcher-3] INFO  c.m.s.a.FakeActorFactory$FakeSharePriceActor - fetching prices for share SLW....
21:51:46.454 [Shares-App-System-akka.actor.default-dispatcher-7] INFO  c.m.s.s.SharePriceComponent$ConcreteSharePriceService - Downloadign data from url:http://download.finance.yahoo.com/d/quotes.csv?s=SMN&f=sl1d1e7e8m4m3r5
21:51:46.454 [Shares-App-System-akka.actor.default-dispatcher-2] INFO  c.m.s.a.FakeActorFactory$FakeSharePriceActor - Unable to fetch data for SLW
21:51:46.454 [Shares-App-System-akka.actor.default-dispatcher-2] INFO  c.m.s.a.FakeActorFactory$FakeSharePriceActor - fetching prices for share SMN....
21:51:46.657 [Shares-App-System-akka.actor.default-dispatcher-7] INFO  c.m.s.s.SharePriceComponent$ConcreteSharePriceService - Downloadign data from url:http://download.finance.yahoo.com/d/quotes.csv?s=TVIX&f=sl1d1e7e8m4m3r5
21:51:46.657 [Shares-App-System-akka.actor.default-dispatcher-2] INFO  c.m.s.a.FakeActorFactory$FakeSharePriceActor - We got SharePrice(Tue Jul 11 00:00:00 BST 2017,SMN,17.41,0.0,0.0,0.0,18.88,18.14).Sending it thru
21:51:46.657 [Shares-App-System-akka.actor.default-dispatcher-2] INFO  c.m.s.a.FakeActorFactory$FakePersistenceActor - Storing share price
21:51:46.658 [Shares-App-System-akka.actor.default-dispatcher-2] INFO  c.m.s.a.FakeActorFactory$FakeSharePriceActor - fetching prices for share TVIX....
21:51:46.863 [Shares-App-System-akka.actor.default-dispatcher-7] INFO  c.m.s.s.SharePriceComponent$ConcreteSharePriceService - Downloadign data from url:http://download.finance.yahoo.com/d/quotes.csv?s=UNG&f=sl1d1e7e8m4m3r5
21:51:46.863 [Shares-App-System-akka.actor.default-dispatcher-3] INFO  c.m.s.a.FakeActorFactory$FakeSharePriceActor - We got SharePrice(Tue Jul 11 00:00:00 BST 2017,TVIX,20.95,0.0,0.0,0.0,44.65,23.79).Sending it thru
21:51:46.864 [Shares-App-System-akka.actor.default-dispatcher-3] INFO  c.m.s.a.FakeActorFactory$FakeSharePriceActor - fetching prices for share UNG....
21:51:46.864 [Shares-App-System-akka.actor.default-dispatcher-3] INFO  c.m.s.a.FakeActorFactory$FakePersistenceActor - Storing share price
21:51:47.103 [Shares-App-System-akka.actor.default-dispatcher-7] INFO  c.m.s.s.SharePriceComponent$ConcreteSharePriceService - Downloadign data from url:http://download.finance.yahoo.com/d/quotes.csv?s=US0003M:IND&f=sl1d1e7e8m4m3r5
21:51:47.103 [Shares-App-System-akka.actor.default-dispatcher-3] INFO  c.m.s.a.FakeActorFactory$FakeSharePriceActor - We got SharePrice(Tue Jul 11 00:00:00 BST 2017,UNG,6.78,0.0,0.0,0.0,7.57,7.04).Sending it thru
21:51:47.104 [Shares-App-System-akka.actor.default-dispatcher-3] INFO  c.m.s.a.FakeActorFactory$FakeSharePriceActor - fetching prices for share US0003M:IND....
21:51:47.104 [Shares-App-System-akka.actor.default-dispatcher-3] INFO  c.m.s.a.FakeActorFactory$FakePersistenceActor - Storing share price
21:51:47.303 [Shares-App-System-akka.actor.default-dispatcher-7] INFO  c.m.s.s.SharePriceComponent$ConcreteSharePriceService - Downloadign data from url:http://download.finance.yahoo.com/d/quotes.csv?s=USDCAD=X&f=sl1d1e7e8m4m3r5
21:51:47.304 [Shares-App-System-akka.actor.default-dispatcher-2] INFO  c.m.s.a.FakeActorFactory$FakeSharePriceActor - Unable to fetch data for US0003M:IND
21:51:47.304 [Shares-App-System-akka.actor.default-dispatcher-2] INFO  c.m.s.a.FakeActorFactory$FakeSharePriceActor - fetching prices for share USDCAD=X....
21:51:47.569 [Shares-App-System-akka.actor.default-dispatcher-7] INFO  c.m.s.s.SharePriceComponent$ConcreteSharePriceService - Downloadign data from url:http://download.finance.yahoo.com/d/quotes.csv?s=USDCHF=X&f=sl1d1e7e8m4m3r5
21:51:47.569 [Shares-App-System-akka.actor.default-dispatcher-2] INFO  c.m.s.a.FakeActorFactory$FakeSharePriceActor - We got SharePrice(Tue Jul 11 00:00:00 BST 2017,USDCAD=X,1.2918,0.0,0.0,0.0,0.0,0.0).Sending it thru
21:51:47.569 [Shares-App-System-akka.actor.default-dispatcher-2] INFO  c.m.s.a.FakeActorFactory$FakePersistenceActor - Storing share price
21:51:47.570 [Shares-App-System-akka.actor.default-dispatcher-2] INFO  c.m.s.a.FakeActorFactory$FakeSharePriceActor - fetching prices for share USDCHF=X....
21:51:47.826 [Shares-App-System-akka.actor.default-dispatcher-7] INFO  c.m.s.s.SharePriceComponent$ConcreteSharePriceService - Downloadign data from url:http://download.finance.yahoo.com/d/quotes.csv?s=USDJPY=X&f=sl1d1e7e8m4m3r5
21:51:47.826 [Shares-App-System-akka.actor.default-dispatcher-3] INFO  c.m.s.a.FakeActorFactory$FakeSharePriceActor - We got SharePrice(Tue Jul 11 00:00:00 BST 2017,USDCHF=X,0.9638,0.0,0.0,0.0,0.0,0.0).Sending it thru
21:51:47.827 [Shares-App-System-akka.actor.default-dispatcher-3] INFO  c.m.s.a.FakeActorFactory$FakePersistenceActor - Storing share price
21:51:47.827 [Shares-App-System-akka.actor.default-dispatcher-3] INFO  c.m.s.a.FakeActorFactory$FakeSharePriceActor - fetching prices for share USDJPY=X....
21:51:48.096 [Shares-App-System-akka.actor.default-dispatcher-7] INFO  c.m.s.s.SharePriceComponent$ConcreteSharePriceService - Downloadign data from url:http://download.finance.yahoo.com/d/quotes.csv?s=USO&f=sl1d1e7e8m4m3r5
21:51:48.096 [Shares-App-System-akka.actor.default-dispatcher-2] INFO  c.m.s.a.FakeActorFactory$FakeSharePriceActor - We got SharePrice(Tue Jul 11 00:00:00 BST 2017,USDJPY=X,113.96,0.0,0.0,0.0,0.0,0.0).Sending it thru
21:51:48.096 [Shares-App-System-akka.actor.default-dispatcher-2] INFO  c.m.s.a.FakeActorFactory$FakePersistenceActor - Storing share price
21:51:48.097 [Shares-App-System-akka.actor.default-dispatcher-2] INFO  c.m.s.a.FakeActorFactory$FakeSharePriceActor - fetching prices for share USO....
21:51:48.370 [Shares-App-System-akka.actor.default-dispatcher-7] INFO  c.m.s.s.SharePriceComponent$ConcreteSharePriceService - Downloadign data from url:http://download.finance.yahoo.com/d/quotes.csv?s=USSOC:IND&f=sl1d1e7e8m4m3r5
21:51:48.370 [Shares-App-System-akka.actor.default-dispatcher-3] INFO  c.m.s.a.FakeActorFactory$FakeSharePriceActor - We got SharePrice(Tue Jul 11 00:00:00 BST 2017,USO,9.27,0.0,0.0,0.0,10.64,9.68).Sending it thru
21:51:48.371 [Shares-App-System-akka.actor.default-dispatcher-3] INFO  c.m.s.a.FakeActorFactory$FakeSharePriceActor - fetching prices for share USSOC:IND....
21:51:48.371 [Shares-App-System-akka.actor.default-dispatcher-3] INFO  c.m.s.a.FakeActorFactory$FakePersistenceActor - Storing share price
21:51:48.643 [Shares-App-System-akka.actor.default-dispatcher-7] INFO  c.m.s.s.SharePriceComponent$ConcreteSharePriceService - Downloadign data from url:http://download.finance.yahoo.com/d/quotes.csv?s=VALE&f=sl1d1e7e8m4m3r5
21:51:48.643 [Shares-App-System-akka.actor.default-dispatcher-2] INFO  c.m.s.a.FakeActorFactory$FakeSharePriceActor - Unable to fetch data for USSOC:IND
21:51:48.644 [Shares-App-System-akka.actor.default-dispatcher-2] INFO  c.m.s.a.FakeActorFactory$FakeSharePriceActor - fetching prices for share VALE....
21:51:48.889 [Shares-App-System-akka.actor.default-dispatcher-7] INFO  c.m.s.s.SharePriceComponent$ConcreteSharePriceService - Downloadign data from url:http://download.finance.yahoo.com/d/quotes.csv?s=VNDA&f=sl1d1e7e8m4m3r5
21:51:48.889 [Shares-App-System-akka.actor.default-dispatcher-2] INFO  c.m.s.a.FakeActorFactory$FakeSharePriceActor - We got SharePrice(Tue Jul 11 00:00:00 BST 2017,VALE,9.21,-4.05,1.03,0.83,9.1,8.28).Sending it thru
21:51:48.890 [Shares-App-System-akka.actor.default-dispatcher-2] INFO  c.m.s.a.FakeActorFactory$FakePersistenceActor - Storing share price
21:51:48.890 [Shares-App-System-akka.actor.default-dispatcher-2] INFO  c.m.s.a.FakeActorFactory$FakeSharePriceActor - fetching prices for share VNDA....
21:51:49.132 [Shares-App-System-akka.actor.default-dispatcher-7] INFO  c.m.s.s.SharePriceComponent$ConcreteSharePriceService - Downloadign data from url:http://download.finance.yahoo.com/d/quotes.csv?s=VWEHX&f=sl1d1e7e8m4m3r5
21:51:49.132 [Shares-App-System-akka.actor.default-dispatcher-3] INFO  c.m.s.a.FakeActorFactory$FakeSharePriceActor - We got SharePrice(Tue Jul 11 00:00:00 BST 2017,VNDA,16.55,-1.51,-0.7,-0.33,14.49,14.44).Sending it thru
21:51:49.133 [Shares-App-System-akka.actor.default-dispatcher-3] INFO  c.m.s.a.FakeActorFactory$FakePersistenceActor - Storing share price
21:51:49.133 [Shares-App-System-akka.actor.default-dispatcher-3] INFO  c.m.s.a.FakeActorFactory$FakeSharePriceActor - fetching prices for share VWEHX....
21:51:49.371 [Shares-App-System-akka.actor.default-dispatcher-7] INFO  c.m.s.s.SharePriceComponent$ConcreteSharePriceService - Downloadign data from url:http://download.finance.yahoo.com/d/quotes.csv?s=VXX&f=sl1d1e7e8m4m3r5
21:51:49.371 [Shares-App-System-akka.actor.default-dispatcher-2] INFO  c.m.s.a.FakeActorFactory$FakeSharePriceActor - We got SharePrice(Mon Jul 10 00:00:00 BST 2017,VWEHX,5.93,0.0,0.0,0.0,0.0,0.0).Sending it thru
21:51:49.372 [Shares-App-System-akka.actor.default-dispatcher-2] INFO  c.m.s.a.FakeActorFactory$FakePersistenceActor - Storing share price
21:51:49.372 [Shares-App-System-akka.actor.default-dispatcher-2] INFO  c.m.s.a.FakeActorFactory$FakeSharePriceActor - fetching prices for share VXX....
21:51:49.569 [Shares-App-System-akka.actor.default-dispatcher-7] INFO  c.m.s.s.SharePriceComponent$ConcreteSharePriceService - Downloadign data from url:http://download.finance.yahoo.com/d/quotes.csv?s=WMT&f=sl1d1e7e8m4m3r5
21:51:49.569 [Shares-App-System-akka.actor.default-dispatcher-3] INFO  c.m.s.a.FakeActorFactory$FakeSharePriceActor - We got SharePrice(Tue Jul 11 00:00:00 BST 2017,VXX,12.71,0.0,0.0,0.0,17.37,13.42).Sending it thru
21:51:49.569 [Shares-App-System-akka.actor.default-dispatcher-3] INFO  c.m.s.a.FakeActorFactory$FakeSharePriceActor - fetching prices for share WMT....
21:51:49.570 [Shares-App-System-akka.actor.default-dispatcher-3] INFO  c.m.s.a.FakeActorFactory$FakePersistenceActor - Storing share price
21:51:49.773 [Shares-App-System-akka.actor.default-dispatcher-7] INFO  c.m.s.s.SharePriceComponent$ConcreteSharePriceService - Downloadign data from url:http://download.finance.yahoo.com/d/quotes.csv?s=^GSPC&f=sl1d1e7e8m4m3r5
21:51:49.773 [Shares-App-System-akka.actor.default-dispatcher-2] INFO  c.m.s.a.FakeActorFactory$FakeSharePriceActor - We got SharePrice(Tue Jul 11 00:00:00 BST 2017,WMT,73.47,2.94,4.36,4.6,72.4,77.53).Sending it thru
21:51:49.773 [Shares-App-System-akka.actor.default-dispatcher-2] INFO  c.m.s.a.FakeActorFactory$FakeSharePriceActor - fetching prices for share ^GSPC....
21:51:49.774 [Shares-App-System-akka.actor.default-dispatcher-2] INFO  c.m.s.a.FakeActorFactory$FakePersistenceActor - Storing share price
21:51:49.976 [Shares-App-System-akka.actor.default-dispatcher-7] INFO  c.m.s.a.FakeActorFactory$FakeSharePriceActor - We got SharePrice(Tue Jul 11 00:00:00 BST 2017,^GSPC,2425.53,0.0,0.0,0.0,0.0,0.0).Sending it thru
21:51:49.977 [Shares-App-System-akka.actor.default-dispatcher-3] INFO  c.m.s.s.SharePriceComponent$ConcreteSharePriceService - Downloadign data from url:http://download.finance.yahoo.com/d/quotes.csv?s=^HSI&f=sl1d1e7e8m4m3r5
21:51:49.978 [Shares-App-System-akka.actor.default-dispatcher-2] INFO  c.m.s.a.FakeActorFactory$FakePersistenceActor - Storing share price
21:51:49.981 [Shares-App-System-akka.actor.default-dispatcher-2] INFO  c.m.s.a.FakeActorFactory$FakeSharePriceActor - fetching prices for share ^HSI....
21:51:50.192 [Shares-App-System-akka.actor.default-dispatcher-3] INFO  c.m.s.s.SharePriceComponent$ConcreteSharePriceService - Downloadign data from url:http://download.finance.yahoo.com/d/quotes.csv?s=^IRX&f=sl1d1e7e8m4m3r5
21:51:50.193 [Shares-App-System-akka.actor.default-dispatcher-7] INFO  c.m.s.a.FakeActorFactory$FakeSharePriceActor - We got SharePrice(Tue Jul 11 00:00:00 BST 2017,^HSI,25877.64,0.0,0.0,0.0,0.0,0.0).Sending it thru
21:51:50.194 [Shares-App-System-akka.actor.default-dispatcher-7] INFO  c.m.s.a.FakeActorFactory$FakeSharePriceActor - fetching prices for share ^IRX....
21:51:50.194 [Shares-App-System-akka.actor.default-dispatcher-7] INFO  c.m.s.a.FakeActorFactory$FakePersistenceActor - Storing share price
21:51:50.396 [Shares-App-System-akka.actor.default-dispatcher-3] INFO  c.m.s.s.SharePriceComponent$ConcreteSharePriceService - Downloadign data from url:http://download.finance.yahoo.com/d/quotes.csv?s=^IXIC&f=sl1d1e7e8m4m3r5
21:51:50.396 [Shares-App-System-akka.actor.default-dispatcher-2] INFO  c.m.s.a.FakeActorFactory$FakeSharePriceActor - We got SharePrice(Tue Jul 11 00:00:00 BST 2017,^IRX,1.03,0.0,0.0,0.0,0.0,0.0).Sending it thru
21:51:50.397 [Shares-App-System-akka.actor.default-dispatcher-2] INFO  c.m.s.a.FakeActorFactory$FakeSharePriceActor - fetching prices for share ^IXIC....
21:51:50.397 [Shares-App-System-akka.actor.default-dispatcher-2] INFO  c.m.s.a.FakeActorFactory$FakePersistenceActor - Storing share price
21:51:50.603 [Shares-App-System-akka.actor.default-dispatcher-3] INFO  c.m.s.s.SharePriceComponent$ConcreteSharePriceService - Downloadign data from url:http://download.finance.yahoo.com/d/quotes.csv?s=^KS11&f=sl1d1e7e8m4m3r5
21:51:50.603 [Shares-App-System-akka.actor.default-dispatcher-7] INFO  c.m.s.a.FakeActorFactory$FakeSharePriceActor - We got SharePrice(Tue Jul 11 00:00:00 BST 2017,^IXIC,6193.3047,0.0,0.0,0.0,0.0,0.0).Sending it thru
21:51:50.604 [Shares-App-System-akka.actor.default-dispatcher-7] INFO  c.m.s.a.FakeActorFactory$FakeSharePriceActor - fetching prices for share ^KS11....
21:51:50.604 [Shares-App-System-akka.actor.default-dispatcher-7] INFO  c.m.s.a.FakeActorFactory$FakePersistenceActor - Storing share price
21:51:50.814 [Shares-App-System-akka.actor.default-dispatcher-3] INFO  c.m.s.s.SharePriceComponent$ConcreteSharePriceService - Downloadign data from url:http://download.finance.yahoo.com/d/quotes.csv?s=^N225&f=sl1d1e7e8m4m3r5
21:51:50.814 [Shares-App-System-akka.actor.default-dispatcher-2] INFO  c.m.s.a.FakeActorFactory$FakeSharePriceActor - We got SharePrice(Tue Jul 11 00:00:00 BST 2017,^KS11,2396.0,0.0,0.0,0.0,0.0,0.0).Sending it thru
21:51:50.816 [Shares-App-System-akka.actor.default-dispatcher-2] INFO  c.m.s.a.FakeActorFactory$FakeSharePriceActor - fetching prices for share ^N225....
21:51:50.816 [Shares-App-System-akka.actor.default-dispatcher-2] INFO  c.m.s.a.FakeActorFactory$FakePersistenceActor - Storing share price
21:51:51.011 [Shares-App-System-akka.actor.default-dispatcher-9] INFO  c.m.s.s.SharePriceComponent$ConcreteSharePriceService - Downloadign data from url:http://download.finance.yahoo.com/d/quotes.csv?s=^RUT&f=sl1d1e7e8m4m3r5
21:51:51.011 [Shares-App-System-akka.actor.default-dispatcher-7] INFO  c.m.s.a.FakeActorFactory$FakeSharePriceActor - We got SharePrice(Tue Jul 11 00:00:00 BST 2017,^N225,20195.48,0.0,0.0,0.0,0.0,0.0).Sending it thru
21:51:51.012 [Shares-App-System-akka.actor.default-dispatcher-7] INFO  c.m.s.a.FakeActorFactory$FakePersistenceActor - Storing share price
21:51:51.012 [Shares-App-System-akka.actor.default-dispatcher-7] INFO  c.m.s.a.FakeActorFactory$FakeSharePriceActor - fetching prices for share ^RUT....
21:51:51.207 [Shares-App-System-akka.actor.default-dispatcher-9] INFO  c.m.s.s.SharePriceComponent$ConcreteSharePriceService - Downloadign data from url:http://download.finance.yahoo.com/d/quotes.csv?s=^TNX&f=sl1d1e7e8m4m3r5
21:51:51.207 [Shares-App-System-akka.actor.default-dispatcher-2] INFO  c.m.s.a.FakeActorFactory$FakeSharePriceActor - We got SharePrice(Tue Jul 11 00:00:00 BST 2017,^RUT,1413.054199,0.0,0.0,0.0,0.0,0.0).Sending it thru
21:51:51.208 [Shares-App-System-akka.actor.default-dispatcher-2] INFO  c.m.s.a.FakeActorFactory$FakePersistenceActor - Storing share price
21:51:51.209 [Shares-App-System-akka.actor.default-dispatcher-2] INFO  c.m.s.a.FakeActorFactory$FakeSharePriceActor - fetching prices for share ^TNX....
21:51:51.406 [Shares-App-System-akka.actor.default-dispatcher-9] INFO  c.m.s.s.SharePriceComponent$ConcreteSharePriceService - Downloadign data from url:http://download.finance.yahoo.com/d/quotes.csv?s=^VIX&f=sl1d1e7e8m4m3r5
21:51:51.406 [Shares-App-System-akka.actor.default-dispatcher-7] INFO  c.m.s.a.FakeActorFactory$FakeSharePriceActor - We got SharePrice(Tue Jul 11 00:00:00 BST 2017,^TNX,2.36,0.0,0.0,0.0,0.0,0.0).Sending it thru
21:51:51.407 [Shares-App-System-akka.actor.default-dispatcher-7] INFO  c.m.s.a.FakeActorFactory$FakeSharePriceActor - fetching prices for share ^VIX....
21:51:51.408 [Shares-App-System-akka.actor.default-dispatcher-7] INFO  c.m.s.a.FakeActorFactory$FakePersistenceActor - Storing share price
21:51:51.614 [Shares-App-System-akka.actor.default-dispatcher-9] INFO  c.m.s.s.SharePriceComponent$ConcreteSharePriceService - Downloadign data from url:http://download.finance.yahoo.com/d/quotes.csv?s=^VXEWZ&f=sl1d1e7e8m4m3r5
21:51:51.615 [Shares-App-System-akka.actor.default-dispatcher-2] INFO  c.m.s.a.FakeActorFactory$FakeSharePriceActor - We got SharePrice(Tue Jul 11 00:00:00 BST 2017,^VIX,10.89,0.0,0.0,0.0,0.0,0.0).Sending it thru
21:51:51.616 [Shares-App-System-akka.actor.default-dispatcher-2] INFO  c.m.s.a.FakeActorFactory$FakeSharePriceActor - fetching prices for share ^VXEWZ....
21:51:51.616 [Shares-App-System-akka.actor.default-dispatcher-2] INFO  c.m.s.a.FakeActorFactory$FakePersistenceActor - Storing share price
21:51:51.830 [Shares-App-System-akka.actor.default-dispatcher-7] INFO  c.m.s.a.FakeActorFactory$FakeSharePriceActor - We got SharePrice(Tue Jul 11 00:00:00 BST 2017,^VXEWZ,29.19,0.0,0.0,0.0,0.0,0.0).Sending it thru
21:51:51.830 [Shares-App-System-akka.actor.default-dispatcher-7] INFO  c.m.s.a.FakeActorFactory$FakePersistenceActor - Storing share price
22:54:52.598 [testSystem-akka.actor.default-dispatcher-3] INFO  akka.event.slf4j.Slf4jLogger - Slf4jLogger started
22:54:53.353 [testSystem-akka.actor.default-dispatcher-3] INFO  com.mm.sharesapp.actors.MasterActor - Master.Starting system
22:54:53.627 [testSystem-akka.actor.default-dispatcher-4] INFO  akka.event.slf4j.Slf4jLogger - Slf4jLogger started
22:55:02.888 [testSystem-akka.actor.default-dispatcher-3] INFO  akka.event.slf4j.Slf4jLogger - Slf4jLogger started
22:55:02.999 [testSystem-akka.actor.default-dispatcher-5] INFO  com.mm.sharesapp.actors.RouterActor - sending messages for all shares....
22:55:03.068 [testSystem-akka.actor.default-dispatcher-5] INFO  c.m.s.a.RouterActorTest$$anonfun$2$MockCakeRouterActor$1 - sending messages for all shares....
22:55:03.120 [testSystem-akka.actor.default-dispatcher-5] INFO  c.m.s.a.RouterActorTest$$anonfun$3$MockSharesRouterActor$1 - sending sharePrice service for all shares....
22:55:03.249 [testSystem-akka.actor.default-dispatcher-3] INFO  akka.event.slf4j.Slf4jLogger - Slf4jLogger started
22:55:03.304 [testSystem-akka.actor.default-dispatcher-5] INFO  c.m.s.a.StaticNewsActorTest$$anonfun$1$MockStaticNewsActor$1 - Fetching Static Shares.....
22:55:03.307 [testSystem-akka.actor.default-dispatcher-5] INFO  c.m.s.a.StaticNewsActorTest$$anonfun$1$MockStaticNewsActor$1 - We got 1 news
22:55:03.360 [testSystem-akka.actor.default-dispatcher-2] INFO  akka.event.slf4j.Slf4jLogger - Slf4jLogger started
22:55:03.460 [testSystem-akka.actor.default-dispatcher-3] INFO  c.m.s.a.PersistenceActorTest$$anonfun$1$MockPersistenceActor$1 - Storing Trading Notes.
22:55:03.499 [testSystem-akka.actor.default-dispatcher-3] INFO  c.m.s.a.PersistenceActorTest$$anonfun$2$MockPersistenceActor$2 - Storing share price
22:55:03.518 [testSystem-akka.actor.default-dispatcher-3] INFO  c.m.s.a.PersistenceActorTest$$anonfun$3$MockPersistenceActor$3 - Storing rss..
22:55:03.611 [testSystem-akka.actor.default-dispatcher-4] INFO  akka.event.slf4j.Slf4jLogger - Slf4jLogger started
22:55:03.677 [testSystem-akka.actor.default-dispatcher-4] INFO  c.m.s.a.SharePriceActorTest$$anonfun$1$MockSharePriceActor$1 - fetching prices for share testTicker....
22:55:03.678 [testSystem-akka.actor.default-dispatcher-4] INFO  c.m.s.a.SharePriceActorTest$$anonfun$1$MockSharePriceActor$1 - We got SharePrice(Tue Jul 11 22:55:03 BST 2017,test,1.0,2.0,3.0,4.0,5.0,6.0).Sending it thru
